<?xml version="1.0" encoding="UTF-8"?>
<testsuite xmlns:xsi="http://www.w3.org/2001/XMLSchema-instance" xsi:noNamespaceSchemaLocation="https://maven.apache.org/surefire/maven-surefire-plugin/xsd/surefire-test-report-3.0.xsd" version="3.0" name="com.github.wekaito.backend.security.MongoUserControllerTest" time="26.874" tests="11" errors="0" skipped="0" failures="0">
  <properties>
[...]
</properties>
  <testcase name="expectNoContent_whenLogoutUser" classname="com.github.wekaito.backend.security.MongoUserControllerTest" time="0.119">
    <system-out><![CDATA[16:08:43.033 [main] INFO org.springframework.test.context.support.AnnotationConfigContextLoaderUtils -- Could not detect default configuration classes for test class [com.github.wekaito.backend.security.MongoUserControllerTest]: MongoUserControllerTest does not declare any static, non-private, non-final, nested classes annotated with @Configuration.
16:08:43.124 [main] INFO org.springframework.boot.test.context.SpringBootTestContextBootstrapper -- Found @SpringBootConfiguration com.github.wekaito.backend.BackendApplication for test class com.github.wekaito.backend.security.MongoUserControllerTest

  .   ____          _            __ _ _
 /\\ / ___'_ __ _ _(_)_ __  __ _ \ \ \ \
( ( )\___ | '_ | '_| | '_ \/ _` | \ \ \ \
 \\/  ___)| |_)| | | | | || (_| |  ) ) ) )
  '  |____| .__|_| |_|_| |_\__, | / / / /
 =========|_|==============|___/=/_/_/_/
 :: Spring Boot ::                (v3.1.2)

2024-08-07T16:08:43.451+02:00  INFO 20518 --- [           main] c.g.w.b.s.MongoUserControllerTest        : Starting MongoUserControllerTest using Java 21.0.4 with PID 20518 (started by daniel in /home/daniel/GitHub/digimon-tcg-simulator/backend)
2024-08-07T16:08:43.452+02:00  INFO 20518 --- [           main] c.g.w.b.s.MongoUserControllerTest        : No active profile set, falling back to 1 default profile: "default"
2024-08-07T16:08:44.163+02:00  INFO 20518 --- [           main] .s.d.r.c.RepositoryConfigurationDelegate : Bootstrapping Spring Data MongoDB repositories in DEFAULT mode.
2024-08-07T16:08:44.299+02:00  INFO 20518 --- [           main] .s.d.r.c.RepositoryConfigurationDelegate : Finished Spring Data repository scanning in 131 ms. Found 3 MongoDB repository interfaces.
2024-08-07T16:08:44.545+02:00  INFO 20518 --- [           main] trationDelegate$BeanPostProcessorChecker : Bean 'de.flapdoodle.embed.mongo.spring.autoconfigure.EmbeddedMongoAutoConfiguration' of type [de.flapdoodle.embed.mongo.spring.autoconfigure.EmbeddedMongoAutoConfiguration] is not eligible for getting processed by all BeanPostProcessors (for example: not eligible for auto-proxying)
2024-08-07T16:08:44.564+02:00  INFO 20518 --- [           main] trationDelegate$BeanPostProcessorChecker : Bean 'de.flapdoodle.mongodb.embedded-de.flapdoodle.embed.mongo.spring.autoconfigure.EmbeddedMongoProperties' of type [de.flapdoodle.embed.mongo.spring.autoconfigure.EmbeddedMongoProperties] is not eligible for getting processed by all BeanPostProcessors (for example: not eligible for auto-proxying)
2024-08-07T16:08:44.570+02:00  INFO 20518 --- [           main] trationDelegate$BeanPostProcessorChecker : Bean 'spring.data.mongodb-org.springframework.boot.autoconfigure.mongo.MongoProperties' of type [org.springframework.boot.autoconfigure.mongo.MongoProperties] is not eligible for getting processed by all BeanPostProcessors (for example: not eligible for auto-proxying)
2024-08-07T16:08:44.694+02:00  INFO 20518 --- [           main] d.f.e.m.s.a.SyncClientServerFactory      : sync server factory
2024-08-07T16:08:44.862+02:00  INFO 20518 --- [       Thread-4] d.f.e.m.s.autoconfigure.EmbeddedMongo    : {"t":{"$date":"2024-08-07T16:08:44.862+02:00"},"s":"I",  "c":"CONTROL",  "id":23285,   "ctx":"thread1","msg":"Automatically disabling TLS 1.0, to force-enable TLS 1.0 specify --sslDisabledProtocols 'none'"}
2024-08-07T16:08:44.864+02:00  INFO 20518 --- [       Thread-4] d.f.e.m.s.autoconfigure.EmbeddedMongo    : {"t":{"$date":"2024-08-07T16:08:44.864+02:00"},"s":"I",  "c":"NETWORK",  "id":4915701, "ctx":"thread1","msg":"Initialized wire specification","attr":{"spec":{"incomingExternalClient":{"minWireVersion":0,"maxWireVersion":17},"incomingInternalClient":{"minWireVersion":0,"maxWireVersion":17},"outgoing":{"minWireVersion":6,"maxWireVersion":17},"isInternalClient":true}}}
2024-08-07T16:08:44.864+02:00  INFO 20518 --- [       Thread-4] d.f.e.m.s.autoconfigure.EmbeddedMongo    : {"t":{"$date":"2024-08-07T16:08:44.864+02:00"},"s":"I",  "c":"NETWORK",  "id":4648601, "ctx":"thread1","msg":"Implicit TCP FastOpen unavailable. If TCP FastOpen is required, set tcpFastOpenServer, tcpFastOpenClient, and tcpFastOpenQueueSize."}
2024-08-07T16:08:44.864+02:00  INFO 20518 --- [       Thread-4] d.f.e.m.s.autoconfigure.EmbeddedMongo    : {"t":{"$date":"2024-08-07T16:08:44.864+02:00"},"s":"I",  "c":"REPL",     "id":5123008, "ctx":"thread1","msg":"Successfully registered PrimaryOnlyService","attr":{"service":"TenantMigrationDonorService","namespace":"config.tenantMigrationDonors"}}
2024-08-07T16:08:44.865+02:00  INFO 20518 --- [       Thread-4] d.f.e.m.s.autoconfigure.EmbeddedMongo    : {"t":{"$date":"2024-08-07T16:08:44.864+02:00"},"s":"I",  "c":"REPL",     "id":5123008, "ctx":"thread1","msg":"Successfully registered PrimaryOnlyService","attr":{"service":"TenantMigrationRecipientService","namespace":"config.tenantMigrationRecipients"}}
2024-08-07T16:08:44.865+02:00  INFO 20518 --- [       Thread-4] d.f.e.m.s.autoconfigure.EmbeddedMongo    : {"t":{"$date":"2024-08-07T16:08:44.864+02:00"},"s":"I",  "c":"REPL",     "id":5123008, "ctx":"thread1","msg":"Successfully registered PrimaryOnlyService","attr":{"service":"ShardSplitDonorService","namespace":"config.tenantSplitDonors"}}
2024-08-07T16:08:44.865+02:00  INFO 20518 --- [       Thread-4] d.f.e.m.s.autoconfigure.EmbeddedMongo    : {"t":{"$date":"2024-08-07T16:08:44.864+02:00"},"s":"I",  "c":"CONTROL",  "id":5945603, "ctx":"thread1","msg":"Multi threading initialized"}
2024-08-07T16:08:44.865+02:00  INFO 20518 --- [       Thread-4] d.f.e.m.s.autoconfigure.EmbeddedMongo    : {"t":{"$date":"2024-08-07T16:08:44.865+02:00"},"s":"I",  "c":"CONTROL",  "id":4615611, "ctx":"initandlisten","msg":"MongoDB starting","attr":{"pid":20671,"port":36325,"dbPath":"/tmp/temp--05b03885-54c8-4567-9f86-e1a99888336a/mongod-database4335182056258321211","architecture":"64-bit","host":"DNK-PC-RTX"}}
2024-08-07T16:08:44.865+02:00  INFO 20518 --- [       Thread-4] d.f.e.m.s.autoconfigure.EmbeddedMongo    : {"t":{"$date":"2024-08-07T16:08:44.865+02:00"},"s":"I",  "c":"CONTROL",  "id":23403,   "ctx":"initandlisten","msg":"Build Info","attr":{"buildInfo":{"version":"6.0.1","gitVersion":"32f0f9c88dc44a2c8073a5bd47cf779d4bfdee6b","openSSLVersion":"OpenSSL 1.1.1f  31 Mar 2020","modules":[],"allocator":"tcmalloc","environment":{"distmod":"ubuntu2004","distarch":"x86_64","target_arch":"x86_64"}}}}
2024-08-07T16:08:44.865+02:00  INFO 20518 --- [       Thread-4] d.f.e.m.s.autoconfigure.EmbeddedMongo    : {"t":{"$date":"2024-08-07T16:08:44.865+02:00"},"s":"I",  "c":"CONTROL",  "id":51765,   "ctx":"initandlisten","msg":"Operating System","attr":{"os":{"name":"Ubuntu","version":"22.04"}}}
2024-08-07T16:08:44.865+02:00  INFO 20518 --- [       Thread-4] d.f.e.m.s.autoconfigure.EmbeddedMongo    : {"t":{"$date":"2024-08-07T16:08:44.865+02:00"},"s":"I",  "c":"CONTROL",  "id":21951,   "ctx":"initandlisten","msg":"Options set by command line","attr":{"options":{"net":{"bindIp":"127.0.0.1","port":36325},"security":{"authorization":"disabled"},"storage":{"dbPath":"/tmp/temp--05b03885-54c8-4567-9f86-e1a99888336a/mongod-database4335182056258321211","journal":{"enabled":false},"syncPeriodSecs":0}}}}
2024-08-07T16:08:44.866+02:00  INFO 20518 --- [       Thread-4] d.f.e.m.s.autoconfigure.EmbeddedMongo    : {"t":{"$date":"2024-08-07T16:08:44.865+02:00"},"s":"I",  "c":"STORAGE",  "id":22297,   "ctx":"initandlisten","msg":"Using the XFS filesystem is strongly recommended with the WiredTiger storage engine. See http://dochub.mongodb.org/core/prodnotes-filesystem","tags":["startupWarnings"]}
2024-08-07T16:08:44.866+02:00  INFO 20518 --- [       Thread-4] d.f.e.m.s.autoconfigure.EmbeddedMongo    : {"t":{"$date":"2024-08-07T16:08:44.865+02:00"},"s":"I",  "c":"STORAGE",  "id":22315,   "ctx":"initandlisten","msg":"Opening WiredTiger","attr":{"config":"create,cache_size=3427M,session_max=33000,eviction=(threads_min=4,threads_max=4),config_base=false,statistics=(fast),log=(enabled=true,remove=true,path=journal,compressor=snappy),builtin_extension_config=(zstd=(compression_level=6)),file_manager=(close_idle_time=600,close_scan_interval=10,close_handle_minimum=2000),statistics_log=(wait=0),json_output=(error,message),verbose=[recovery_progress:1,checkpoint_progress:1,compact_progress:1,backup:0,checkpoint:0,compact:0,evict:0,history_store:0,recovery:0,rts:0,salvage:0,tiered:0,timestamp:0,transaction:0,verify:0,log:0],,log=(enabled=false),"}}
2024-08-07T16:08:45.017+02:00  INFO 20518 --- [       Thread-4] d.f.e.m.s.autoconfigure.EmbeddedMongo    : {"t":{"$date":"2024-08-07T16:08:45.016+02:00"},"s":"I",  "c":"STORAGE",  "id":4795906, "ctx":"initandlisten","msg":"WiredTiger opened","attr":{"durationMillis":151}}
2024-08-07T16:08:45.017+02:00  INFO 20518 --- [       Thread-4] d.f.e.m.s.autoconfigure.EmbeddedMongo    : {"t":{"$date":"2024-08-07T16:08:45.017+02:00"},"s":"I",  "c":"RECOVERY", "id":23987,   "ctx":"initandlisten","msg":"WiredTiger recoveryTimestamp","attr":{"recoveryTimestamp":{"$timestamp":{"t":0,"i":0}}}}
2024-08-07T16:08:45.046+02:00  INFO 20518 --- [       Thread-4] d.f.e.m.s.autoconfigure.EmbeddedMongo    : {"t":{"$date":"2024-08-07T16:08:45.046+02:00"},"s":"I",  "c":"WT",       "id":4366408, "ctx":"initandlisten","msg":"No table logging settings modifications are required for existing WiredTiger tables","attr":{"loggingEnabled":true}}
2024-08-07T16:08:45.055+02:00  INFO 20518 --- [       Thread-4] d.f.e.m.s.autoconfigure.EmbeddedMongo    : {"t":{"$date":"2024-08-07T16:08:45.055+02:00"},"s":"W",  "c":"CONTROL",  "id":22178,   "ctx":"initandlisten","msg":"/sys/kernel/mm/transparent_hugepage/enabled is 'always'. We suggest setting it to 'never'","tags":["startupWarnings"]}
2024-08-07T16:08:45.055+02:00  INFO 20518 --- [       Thread-4] d.f.e.m.s.autoconfigure.EmbeddedMongo    : {"t":{"$date":"2024-08-07T16:08:45.055+02:00"},"s":"W",  "c":"CONTROL",  "id":5123300, "ctx":"initandlisten","msg":"vm.max_map_count is too low","attr":{"currentValue":262144,"recommendedMinimum":1677720,"maxConns":838860},"tags":["startupWarnings"]}
2024-08-07T16:08:45.055+02:00  INFO 20518 --- [       Thread-4] d.f.e.m.s.autoconfigure.EmbeddedMongo    : {"t":{"$date":"2024-08-07T16:08:45.055+02:00"},"s":"I",  "c":"STORAGE",  "id":20320,   "ctx":"initandlisten","msg":"createCollection","attr":{"namespace":"admin.system.version","uuidDisposition":"provided","uuid":{"uuid":{"$uuid":"564281c1-72e9-4435-a74f-bb65a47b621f"}},"options":{"uuid":{"$uuid":"564281c1-72e9-4435-a74f-bb65a47b621f"}}}}
2024-08-07T16:08:45.085+02:00  INFO 20518 --- [       Thread-4] d.f.e.m.s.autoconfigure.EmbeddedMongo    : {"t":{"$date":"2024-08-07T16:08:45.085+02:00"},"s":"I",  "c":"INDEX",    "id":20345,   "ctx":"initandlisten","msg":"Index build: done building","attr":{"buildUUID":null,"collectionUUID":{"uuid":{"$uuid":"564281c1-72e9-4435-a74f-bb65a47b621f"}},"namespace":"admin.system.version","index":"_id_","ident":"index-1-893394198779810759","collectionIdent":"collection-0-893394198779810759","commitTimestamp":null}}
2024-08-07T16:08:45.086+02:00  INFO 20518 --- [       Thread-4] d.f.e.m.s.autoconfigure.EmbeddedMongo    : {"t":{"$date":"2024-08-07T16:08:45.085+02:00"},"s":"I",  "c":"REPL",     "id":20459,   "ctx":"initandlisten","msg":"Setting featureCompatibilityVersion","attr":{"newVersion":"6.0"}}
2024-08-07T16:08:45.086+02:00  INFO 20518 --- [       Thread-4] d.f.e.m.s.autoconfigure.EmbeddedMongo    : {"t":{"$date":"2024-08-07T16:08:45.085+02:00"},"s":"I",  "c":"REPL",     "id":5853300, "ctx":"initandlisten","msg":"current featureCompatibilityVersion value","attr":{"featureCompatibilityVersion":"6.0","context":"setFCV"}}
2024-08-07T16:08:45.086+02:00  INFO 20518 --- [       Thread-4] d.f.e.m.s.autoconfigure.EmbeddedMongo    : {"t":{"$date":"2024-08-07T16:08:45.085+02:00"},"s":"I",  "c":"NETWORK",  "id":4915702, "ctx":"initandlisten","msg":"Updated wire specification","attr":{"oldSpec":{"incomingExternalClient":{"minWireVersion":0,"maxWireVersion":17},"incomingInternalClient":{"minWireVersion":0,"maxWireVersion":17},"outgoing":{"minWireVersion":6,"maxWireVersion":17},"isInternalClient":true},"newSpec":{"incomingExternalClient":{"minWireVersion":0,"maxWireVersion":17},"incomingInternalClient":{"minWireVersion":17,"maxWireVersion":17},"outgoing":{"minWireVersion":17,"maxWireVersion":17},"isInternalClient":true}}}
2024-08-07T16:08:45.086+02:00  INFO 20518 --- [       Thread-4] d.f.e.m.s.autoconfigure.EmbeddedMongo    : {"t":{"$date":"2024-08-07T16:08:45.085+02:00"},"s":"I",  "c":"NETWORK",  "id":4915702, "ctx":"initandlisten","msg":"Updated wire specification","attr":{"oldSpec":{"incomingExternalClient":{"minWireVersion":0,"maxWireVersion":17},"incomingInternalClient":{"minWireVersion":17,"maxWireVersion":17},"outgoing":{"minWireVersion":17,"maxWireVersion":17},"isInternalClient":true},"newSpec":{"incomingExternalClient":{"minWireVersion":0,"maxWireVersion":17},"incomingInternalClient":{"minWireVersion":17,"maxWireVersion":17},"outgoing":{"minWireVersion":17,"maxWireVersion":17},"isInternalClient":true}}}
2024-08-07T16:08:45.086+02:00  INFO 20518 --- [       Thread-4] d.f.e.m.s.autoconfigure.EmbeddedMongo    : {"t":{"$date":"2024-08-07T16:08:45.085+02:00"},"s":"I",  "c":"REPL",     "id":5853300, "ctx":"initandlisten","msg":"current featureCompatibilityVersion value","attr":{"featureCompatibilityVersion":"6.0","context":"startup"}}
2024-08-07T16:08:45.086+02:00  INFO 20518 --- [       Thread-4] d.f.e.m.s.autoconfigure.EmbeddedMongo    : {"t":{"$date":"2024-08-07T16:08:45.085+02:00"},"s":"I",  "c":"STORAGE",  "id":5071100, "ctx":"initandlisten","msg":"Clearing temp directory"}
2024-08-07T16:08:45.086+02:00  INFO 20518 --- [       Thread-4] d.f.e.m.s.autoconfigure.EmbeddedMongo    : {"t":{"$date":"2024-08-07T16:08:45.085+02:00"},"s":"I",  "c":"CONTROL",  "id":20536,   "ctx":"initandlisten","msg":"Flow Control is enabled on this deployment"}
2024-08-07T16:08:45.086+02:00  INFO 20518 --- [       Thread-4] d.f.e.m.s.autoconfigure.EmbeddedMongo    : {"t":{"$date":"2024-08-07T16:08:45.086+02:00"},"s":"I",  "c":"FTDC",     "id":20625,   "ctx":"initandlisten","msg":"Initializing full-time diagnostic data capture","attr":{"dataDirectory":"/tmp/temp--05b03885-54c8-4567-9f86-e1a99888336a/mongod-database4335182056258321211/diagnostic.data"}}
2024-08-07T16:08:45.087+02:00  INFO 20518 --- [       Thread-4] d.f.e.m.s.autoconfigure.EmbeddedMongo    : {"t":{"$date":"2024-08-07T16:08:45.087+02:00"},"s":"I",  "c":"STORAGE",  "id":20320,   "ctx":"initandlisten","msg":"createCollection","attr":{"namespace":"local.startup_log","uuidDisposition":"generated","uuid":{"uuid":{"$uuid":"a1bf9156-5d26-4311-ab59-5449322d54c1"}},"options":{"capped":true,"size":10485760}}}
2024-08-07T16:08:45.119+02:00  INFO 20518 --- [       Thread-4] d.f.e.m.s.autoconfigure.EmbeddedMongo    : {"t":{"$date":"2024-08-07T16:08:45.118+02:00"},"s":"I",  "c":"INDEX",    "id":20345,   "ctx":"initandlisten","msg":"Index build: done building","attr":{"buildUUID":null,"collectionUUID":{"uuid":{"$uuid":"a1bf9156-5d26-4311-ab59-5449322d54c1"}},"namespace":"local.startup_log","index":"_id_","ident":"index-3-893394198779810759","collectionIdent":"collection-2-893394198779810759","commitTimestamp":null}}
2024-08-07T16:08:45.119+02:00  INFO 20518 --- [       Thread-4] d.f.e.m.s.autoconfigure.EmbeddedMongo    : {"t":{"$date":"2024-08-07T16:08:45.119+02:00"},"s":"I",  "c":"REPL",     "id":6015317, "ctx":"initandlisten","msg":"Setting new configuration state","attr":{"newState":"ConfigReplicationDisabled","oldState":"ConfigPreStart"}}
2024-08-07T16:08:45.119+02:00  INFO 20518 --- [       Thread-4] d.f.e.m.s.autoconfigure.EmbeddedMongo    : {"t":{"$date":"2024-08-07T16:08:45.119+02:00"},"s":"I",  "c":"STORAGE",  "id":22262,   "ctx":"initandlisten","msg":"Timestamp monitor starting"}
2024-08-07T16:08:45.120+02:00  INFO 20518 --- [       Thread-4] d.f.e.m.s.autoconfigure.EmbeddedMongo    : {"t":{"$date":"2024-08-07T16:08:45.120+02:00"},"s":"I",  "c":"CONTROL",  "id":20712,   "ctx":"LogicalSessionCacheReap","msg":"Sessions collection is not set up; waiting until next sessions reap interval","attr":{"error":"NamespaceNotFound: config.system.sessions does not exist"}}
2024-08-07T16:08:45.120+02:00  INFO 20518 --- [       Thread-4] d.f.e.m.s.autoconfigure.EmbeddedMongo    : {"t":{"$date":"2024-08-07T16:08:45.120+02:00"},"s":"I",  "c":"STORAGE",  "id":20320,   "ctx":"LogicalSessionCacheRefresh","msg":"createCollection","attr":{"namespace":"config.system.sessions","uuidDisposition":"generated","uuid":{"uuid":{"$uuid":"f6ec21dc-e312-40bf-ad50-f1595c62e18c"}},"options":{}}}
2024-08-07T16:08:45.120+02:00  INFO 20518 --- [       Thread-4] d.f.e.m.s.autoconfigure.EmbeddedMongo    : {"t":{"$date":"2024-08-07T16:08:45.120+02:00"},"s":"I",  "c":"NETWORK",  "id":23015,   "ctx":"listener","msg":"Listening on","attr":{"address":"/tmp/mongodb-36325.sock"}}
2024-08-07T16:08:45.120+02:00  INFO 20518 --- [       Thread-4] d.f.e.m.s.autoconfigure.EmbeddedMongo    : {"t":{"$date":"2024-08-07T16:08:45.120+02:00"},"s":"I",  "c":"NETWORK",  "id":23015,   "ctx":"listener","msg":"Listening on","attr":{"address":"127.0.0.1"}}
2024-08-07T16:08:45.120+02:00  INFO 20518 --- [       Thread-4] d.f.e.m.s.autoconfigure.EmbeddedMongo    : {"t":{"$date":"2024-08-07T16:08:45.120+02:00"},"s":"I",  "c":"NETWORK",  "id":23016,   "ctx":"listener","msg":"Waiting for connections","attr":{"port":36325,"ssl":"off"}}
2024-08-07T16:08:45.172+02:00  INFO 20518 --- [       Thread-4] d.f.e.m.s.autoconfigure.EmbeddedMongo    : {"t":{"$date":"2024-08-07T16:08:45.171+02:00"},"s":"I",  "c":"INDEX",    "id":20345,   "ctx":"LogicalSessionCacheRefresh","msg":"Index build: done building","attr":{"buildUUID":null,"collectionUUID":{"uuid":{"$uuid":"f6ec21dc-e312-40bf-ad50-f1595c62e18c"}},"namespace":"config.system.sessions","index":"_id_","ident":"index-5-893394198779810759","collectionIdent":"collection-4-893394198779810759","commitTimestamp":null}}
2024-08-07T16:08:45.172+02:00  INFO 20518 --- [       Thread-4] d.f.e.m.s.autoconfigure.EmbeddedMongo    : {"t":{"$date":"2024-08-07T16:08:45.171+02:00"},"s":"I",  "c":"INDEX",    "id":20345,   "ctx":"LogicalSessionCacheRefresh","msg":"Index build: done building","attr":{"buildUUID":null,"collectionUUID":{"uuid":{"$uuid":"f6ec21dc-e312-40bf-ad50-f1595c62e18c"}},"namespace":"config.system.sessions","index":"lsidTTLIndex","ident":"index-6-893394198779810759","collectionIdent":"collection-4-893394198779810759","commitTimestamp":null}}
2024-08-07T16:08:45.219+02:00  INFO 20518 --- [       Thread-4] d.f.e.m.s.autoconfigure.EmbeddedMongo    : {"t":{"$date":"2024-08-07T16:08:45.218+02:00"},"s":"I",  "c":"NETWORK",  "id":22943,   "ctx":"listener","msg":"Connection accepted","attr":{"remote":"127.0.0.1:46792","uuid":"f5a9157f-5672-4421-bf08-375cf8e468bd","connectionId":1,"connectionCount":1}}
2024-08-07T16:08:45.219+02:00  INFO 20518 --- [       Thread-4] d.f.e.m.s.autoconfigure.EmbeddedMongo    : {"t":{"$date":"2024-08-07T16:08:45.219+02:00"},"s":"I",  "c":"NETWORK",  "id":22943,   "ctx":"listener","msg":"Connection accepted","attr":{"remote":"127.0.0.1:46790","uuid":"4ad9620d-0695-4abb-9753-ef3771a9b8a5","connectionId":2,"connectionCount":2}}
2024-08-07T16:08:45.223+02:00  INFO 20518 --- [           main] org.mongodb.driver.client                : MongoClient with metadata {"driver": {"name": "mongo-java-driver|sync|spring-boot", "version": "4.9.1"}, "os": {"type": "Linux", "name": "Linux", "architecture": "amd64", "version": "5.15.153.1-microsoft-standard-WSL2"}, "platform": "Java/Ubuntu/21.0.4+7-Ubuntu-1ubuntu222.04"} created with settings MongoClientSettings{readPreference=primary, writeConcern=WriteConcern{w=null, wTimeout=null ms, journal=null}, retryWrites=true, retryReads=true, readConcern=ReadConcern{level=null}, credential=null, streamFactoryFactory=null, commandListeners=[], codecRegistry=ProvidersCodecRegistry{codecProviders=[ValueCodecProvider{}, BsonValueCodecProvider{}, DBRefCodecProvider{}, DBObjectCodecProvider{}, DocumentCodecProvider{}, CollectionCodecProvider{}, IterableCodecProvider{}, MapCodecProvider{}, GeoJsonCodecProvider{}, GridFSFileCodecProvider{}, Jsr310CodecProvider{}, JsonObjectCodecProvider{}, BsonCodecProvider{}, EnumCodecProvider{}, com.mongodb.client.model.mql.ExpressionCodecProvider@4cf1ba4e, com.mongodb.Jep395RecordCodecProvider@23368646]}, loggerSettings=LoggerSettings{maxDocumentLength=1000}, clusterSettings={hosts=[localhost:36325], srvServiceName=mongodb, mode=SINGLE, requiredClusterType=UNKNOWN, requiredReplicaSetName='null', serverSelector='null', clusterListeners='[]', serverSelectionTimeout='30000 ms', localThreshold='30000 ms'}, socketSettings=SocketSettings{connectTimeoutMS=10000, readTimeoutMS=0, receiveBufferSize=0, sendBufferSize=0}, heartbeatSocketSettings=SocketSettings{connectTimeoutMS=10000, readTimeoutMS=10000, receiveBufferSize=0, sendBufferSize=0}, connectionPoolSettings=ConnectionPoolSettings{maxSize=100, minSize=0, maxWaitTimeMS=120000, maxConnectionLifeTimeMS=0, maxConnectionIdleTimeMS=0, maintenanceInitialDelayMS=0, maintenanceFrequencyMS=60000, connectionPoolListeners=[], maxConnecting=2}, serverSettings=ServerSettings{heartbeatFrequencyMS=10000, minHeartbeatFrequencyMS=500, serverListeners='[]', serverMonitorListeners='[]'}, sslSettings=SslSettings{enabled=false, invalidHostNameAllowed=false, context=null}, applicationName='null', compressorList=[], uuidRepresentation=JAVA_LEGACY, serverApi=null, autoEncryptionSettings=null, contextProvider=null}
2024-08-07T16:08:45.227+02:00  INFO 20518 --- [       Thread-4] d.f.e.m.s.autoconfigure.EmbeddedMongo    : {"t":{"$date":"2024-08-07T16:08:45.226+02:00"},"s":"I",  "c":"NETWORK",  "id":51800,   "ctx":"conn2","msg":"client metadata","attr":{"remote":"127.0.0.1:46790","client":"conn2","doc":{"driver":{"name":"mongo-java-driver|sync|spring-boot","version":"4.9.1"},"os":{"type":"Linux","name":"Linux","architecture":"amd64","version":"5.15.153.1-microsoft-standard-WSL2"},"platform":"Java/Ubuntu/21.0.4+7-Ubuntu-1ubuntu222.04"}}}
2024-08-07T16:08:45.227+02:00  INFO 20518 --- [       Thread-4] d.f.e.m.s.autoconfigure.EmbeddedMongo    : {"t":{"$date":"2024-08-07T16:08:45.226+02:00"},"s":"I",  "c":"NETWORK",  "id":51800,   "ctx":"conn1","msg":"client metadata","attr":{"remote":"127.0.0.1:46792","client":"conn1","doc":{"driver":{"name":"mongo-java-driver|sync|spring-boot","version":"4.9.1"},"os":{"type":"Linux","name":"Linux","architecture":"amd64","version":"5.15.153.1-microsoft-standard-WSL2"},"platform":"Java/Ubuntu/21.0.4+7-Ubuntu-1ubuntu222.04"}}}
2024-08-07T16:08:45.244+02:00  INFO 20518 --- [localhost:36325] org.mongodb.driver.cluster               : Monitor thread successfully connected to server with description ServerDescription{address=localhost:36325, type=STANDALONE, state=CONNECTED, ok=true, minWireVersion=0, maxWireVersion=17, maxDocumentSize=16777216, logicalSessionTimeoutMinutes=30, roundTripTimeNanos=24152704}
2024-08-07T16:08:46.510+02:00  INFO 20518 --- [       Thread-4] d.f.e.m.s.autoconfigure.EmbeddedMongo    : {"t":{"$date":"2024-08-07T16:08:46.509+02:00"},"s":"I",  "c":"NETWORK",  "id":22943,   "ctx":"listener","msg":"Connection accepted","attr":{"remote":"127.0.0.1:46816","uuid":"60050bf2-de8c-4af1-bbff-6d088d52cda1","connectionId":3,"connectionCount":3}}
2024-08-07T16:08:46.510+02:00  INFO 20518 --- [       Thread-4] d.f.e.m.s.autoconfigure.EmbeddedMongo    : {"t":{"$date":"2024-08-07T16:08:46.510+02:00"},"s":"I",  "c":"NETWORK",  "id":51800,   "ctx":"conn3","msg":"client metadata","attr":{"remote":"127.0.0.1:46816","client":"conn3","doc":{"driver":{"name":"mongo-java-driver|sync|spring-boot","version":"4.9.1"},"os":{"type":"Linux","name":"Linux","architecture":"amd64","version":"5.15.153.1-microsoft-standard-WSL2"},"platform":"Java/Ubuntu/21.0.4+7-Ubuntu-1ubuntu222.04"}}}
2024-08-07T16:08:47.099+02:00  INFO 20518 --- [       Thread-4] d.f.e.m.s.autoconfigure.EmbeddedMongo    : {"t":{"$date":"2024-08-07T16:08:47.099+02:00"},"s":"I",  "c":"STORAGE",  "id":20320,   "ctx":"conn3","msg":"createCollection","attr":{"namespace":"test.card","uuidDisposition":"generated","uuid":{"uuid":{"$uuid":"6fc10bc3-d81e-43f4-b5d7-ef8674864d06"}},"options":{}}}
2024-08-07T16:08:47.134+02:00  INFO 20518 --- [       Thread-4] d.f.e.m.s.autoconfigure.EmbeddedMongo    : {"t":{"$date":"2024-08-07T16:08:47.134+02:00"},"s":"I",  "c":"INDEX",    "id":20345,   "ctx":"conn3","msg":"Index build: done building","attr":{"buildUUID":null,"collectionUUID":{"uuid":{"$uuid":"6fc10bc3-d81e-43f4-b5d7-ef8674864d06"}},"namespace":"test.card","index":"_id_","ident":"index-8-893394198779810759","collectionIdent":"collection-7-893394198779810759","commitTimestamp":null}}
2024-08-07T16:08:47.438+02:00  INFO 20518 --- [           main] o.s.s.web.DefaultSecurityFilterChain     : Will secure any request with [org.springframework.security.web.session.DisableEncodeUrlFilter@2c7ac668, org.springframework.security.web.session.ForceEagerSessionCreationFilter@757ba3dc, org.springframework.security.web.context.request.async.WebAsyncManagerIntegrationFilter@206185b3, org.springframework.security.web.context.SecurityContextHolderFilter@651ae325, org.springframework.security.web.header.HeaderWriterFilter@25c515d9, org.springframework.security.web.csrf.CsrfFilter@27bdf7d, org.springframework.security.web.authentication.logout.LogoutFilter@4a467e68, org.springframework.security.web.authentication.www.BasicAuthenticationFilter@5fc38804, org.springframework.security.web.savedrequest.RequestCacheAwareFilter@58b8ca0a, org.springframework.security.web.servletapi.SecurityContextHolderAwareRequestFilter@3fae3045, org.springframework.security.web.authentication.AnonymousAuthenticationFilter@55b4ebbd, org.springframework.security.web.session.SessionManagementFilter@3677b9f0, org.springframework.security.web.access.ExceptionTranslationFilter@e0dd692, org.springframework.security.web.access.intercept.AuthorizationFilter@6336df27]
2024-08-07T16:08:47.964+02:00  INFO 20518 --- [           main] o.s.b.t.m.w.SpringBootMockServletContext : Initializing Spring TestDispatcherServlet ''
2024-08-07T16:08:47.965+02:00  INFO 20518 --- [           main] o.s.t.web.servlet.TestDispatcherServlet  : Initializing Servlet ''
2024-08-07T16:08:47.966+02:00  INFO 20518 --- [           main] o.s.t.web.servlet.TestDispatcherServlet  : Completed initialization in 1 ms
2024-08-07T16:08:47.999+02:00  INFO 20518 --- [           main] c.g.w.b.s.MongoUserControllerTest        : Started MongoUserControllerTest in 4.757 seconds (process running for 7.987)
]]></system-out>
  </testcase>
  <testcase name="getUserName_whenLogin" classname="com.github.wekaito.backend.security.MongoUserControllerTest" time="0.006"/>
  <testcase name="expectQuestion_AfterGetRecoveryQuestion" classname="com.github.wekaito.backend.security.MongoUserControllerTest" time="3.37">
    <system-out><![CDATA[2024-08-07T16:08:48.272+02:00  INFO 20518 --- [       Thread-4] d.f.e.m.s.autoconfigure.EmbeddedMongo    : {"t":{"$date":"2024-08-07T16:08:48.271+02:00"},"s":"I",  "c":"NETWORK",  "id":22943,   "ctx":"listener","msg":"Connection accepted","attr":{"remote":"127.0.0.1:46820","uuid":"f42f4db2-943d-49ac-bb2f-fdfc36b083c0","connectionId":4,"connectionCount":4}}
2024-08-07T16:08:48.272+02:00  INFO 20518 --- [       Thread-4] d.f.e.m.s.autoconfigure.EmbeddedMongo    : {"t":{"$date":"2024-08-07T16:08:48.272+02:00"},"s":"I",  "c":"NETWORK",  "id":51800,   "ctx":"conn4","msg":"client metadata","attr":{"remote":"127.0.0.1:46820","client":"conn4","doc":{"driver":{"name":"mongo-java-driver|sync|spring-boot","version":"4.9.1"},"os":{"type":"Linux","name":"Linux","architecture":"amd64","version":"5.15.153.1-microsoft-standard-WSL2"},"platform":"Java/Ubuntu/21.0.4+7-Ubuntu-1ubuntu222.04"}}}
2024-08-07T16:08:49.146+02:00  INFO 20518 --- [       Thread-4] d.f.e.m.s.autoconfigure.EmbeddedMongo    : {"t":{"$date":"2024-08-07T16:08:49.146+02:00"},"s":"I",  "c":"STORAGE",  "id":20320,   "ctx":"conn3","msg":"createCollection","attr":{"namespace":"test.users","uuidDisposition":"generated","uuid":{"uuid":{"$uuid":"ae534f8c-a3ef-4c96-9db8-6f6dc9f68b04"}},"options":{}}}
2024-08-07T16:08:49.183+02:00  INFO 20518 --- [       Thread-4] d.f.e.m.s.autoconfigure.EmbeddedMongo    : {"t":{"$date":"2024-08-07T16:08:49.183+02:00"},"s":"I",  "c":"INDEX",    "id":20345,   "ctx":"conn3","msg":"Index build: done building","attr":{"buildUUID":null,"collectionUUID":{"uuid":{"$uuid":"ae534f8c-a3ef-4c96-9db8-6f6dc9f68b04"}},"namespace":"test.users","index":"_id_","ident":"index-10-893394198779810759","collectionIdent":"collection-9-893394198779810759","commitTimestamp":null}}
2024-08-07T16:08:51.225+02:00  INFO 20518 --- [       Thread-4] d.f.e.m.s.autoconfigure.EmbeddedMongo    : {"t":{"$date":"2024-08-07T16:08:51.225+02:00"},"s":"I",  "c":"NETWORK",  "id":22944,   "ctx":"conn4","msg":"Connection ended","attr":{"remote":"127.0.0.1:46820","uuid":"f42f4db2-943d-49ac-bb2f-fdfc36b083c0","connectionId":4,"connectionCount":3}}
2024-08-07T16:08:51.225+02:00  INFO 20518 --- [       Thread-4] d.f.e.m.s.autoconfigure.EmbeddedMongo    : {"t":{"$date":"2024-08-07T16:08:51.225+02:00"},"s":"I",  "c":"NETWORK",  "id":22944,   "ctx":"conn3","msg":"Connection ended","attr":{"remote":"127.0.0.1:46816","uuid":"60050bf2-de8c-4af1-bbff-6d088d52cda1","connectionId":3,"connectionCount":2}}
2024-08-07T16:08:51.225+02:00  INFO 20518 --- [       Thread-4] d.f.e.m.s.autoconfigure.EmbeddedMongo    : {"t":{"$date":"2024-08-07T16:08:51.225+02:00"},"s":"I",  "c":"-",        "id":20883,   "ctx":"conn2","msg":"Interrupted operation as its client disconnected","attr":{"opId":12}}
2024-08-07T16:08:51.225+02:00  INFO 20518 --- [       Thread-4] d.f.e.m.s.autoconfigure.EmbeddedMongo    : {"t":{"$date":"2024-08-07T16:08:51.225+02:00"},"s":"I",  "c":"NETWORK",  "id":22944,   "ctx":"conn1","msg":"Connection ended","attr":{"remote":"127.0.0.1:46792","uuid":"f5a9157f-5672-4421-bf08-375cf8e468bd","connectionId":1,"connectionCount":1}}
2024-08-07T16:08:51.225+02:00  INFO 20518 --- [       Thread-4] d.f.e.m.s.autoconfigure.EmbeddedMongo    : {"t":{"$date":"2024-08-07T16:08:51.225+02:00"},"s":"I",  "c":"NETWORK",  "id":22944,   "ctx":"conn2","msg":"Connection ended","attr":{"remote":"127.0.0.1:46790","uuid":"4ad9620d-0695-4abb-9753-ef3771a9b8a5","connectionId":2,"connectionCount":0}}
2024-08-07T16:08:51.227+02:00  INFO 20518 --- [       Thread-4] d.f.e.m.s.autoconfigure.EmbeddedMongo    : {"t":{"$date":"2024-08-07T16:08:51.226+02:00"},"s":"I",  "c":"NETWORK",  "id":22943,   "ctx":"listener","msg":"Connection accepted","attr":{"remote":"127.0.0.1:46826","uuid":"2817b764-b151-4c83-a9c5-8d7b45f6d39e","connectionId":5,"connectionCount":1}}
2024-08-07T16:08:51.227+02:00  INFO 20518 --- [       Thread-4] d.f.e.m.s.autoconfigure.EmbeddedMongo    : {"t":{"$date":"2024-08-07T16:08:51.227+02:00"},"s":"W",  "c":"COMMAND",  "id":5578800, "ctx":"conn5","msg":"Received wire protocol op code or command that is no longer supported. The client driver may require an upgrade. For more details see https://dochub.mongodb.org/core/legacy-opcode-removal","attr":{"op":"query","clientInfo":{"address":"127.0.0.1:46826"}}}
2024-08-07T16:08:51.227+02:00 ERROR 20518 --- [           main] d.flapdoodle.embed.mongo.runtime.Mongod  : Got some response, should be an error message
2024-08-07T16:08:51.227+02:00  INFO 20518 --- [       Thread-4] d.f.e.m.s.autoconfigure.EmbeddedMongo    : {"t":{"$date":"2024-08-07T16:08:51.227+02:00"},"s":"I",  "c":"NETWORK",  "id":22944,   "ctx":"conn5","msg":"Connection ended","attr":{"remote":"127.0.0.1:46826","uuid":"2817b764-b151-4c83-a9c5-8d7b45f6d39e","connectionId":5,"connectionCount":0}}
2024-08-07T16:08:51.328+02:00  INFO 20518 --- [       Thread-4] d.f.e.m.s.autoconfigure.EmbeddedMongo    : {"t":{"$date":"2024-08-07T16:08:51.327+02:00"},"s":"I",  "c":"NETWORK",  "id":22943,   "ctx":"listener","msg":"Connection accepted","attr":{"remote":"127.0.0.1:46838","uuid":"29c8138f-dd77-41d5-8f2b-ccdd888bf1b7","connectionId":6,"connectionCount":1}}
2024-08-07T16:08:51.328+02:00  INFO 20518 --- [       Thread-4] d.f.e.m.s.autoconfigure.EmbeddedMongo    : {"t":{"$date":"2024-08-07T16:08:51.328+02:00"},"s":"I",  "c":"COMMAND",  "id":4695400, "ctx":"conn6","msg":"Terminating via shutdown command","attr":{"force":false,"timeoutMillis":15000}}
2024-08-07T16:08:51.328+02:00  INFO 20518 --- [       Thread-4] d.f.e.m.s.autoconfigure.EmbeddedMongo    : {"t":{"$date":"2024-08-07T16:08:51.328+02:00"},"s":"I",  "c":"REPL",     "id":4794602, "ctx":"thread33","msg":"Attempting to enter quiesce mode"}
2024-08-07T16:08:51.328+02:00  INFO 20518 --- [       Thread-4] d.f.e.m.s.autoconfigure.EmbeddedMongo    : {"t":{"$date":"2024-08-07T16:08:51.328+02:00"},"s":"I",  "c":"-",        "id":6371601, "ctx":"thread33","msg":"Shutting down the FLE Crud thread pool"}
2024-08-07T16:08:51.328+02:00  INFO 20518 --- [       Thread-4] d.f.e.m.s.autoconfigure.EmbeddedMongo    : {"t":{"$date":"2024-08-07T16:08:51.328+02:00"},"s":"I",  "c":"COMMAND",  "id":4784901, "ctx":"thread33","msg":"Shutting down the MirrorMaestro"}
2024-08-07T16:08:51.328+02:00  INFO 20518 --- [       Thread-4] d.f.e.m.s.autoconfigure.EmbeddedMongo    : {"t":{"$date":"2024-08-07T16:08:51.328+02:00"},"s":"I",  "c":"SHARDING", "id":4784902, "ctx":"thread33","msg":"Shutting down the WaitForMajorityService"}
2024-08-07T16:08:51.328+02:00  INFO 20518 --- [       Thread-4] d.f.e.m.s.autoconfigure.EmbeddedMongo    : {"t":{"$date":"2024-08-07T16:08:51.328+02:00"},"s":"I",  "c":"CONTROL",  "id":4784903, "ctx":"thread33","msg":"Shutting down the LogicalSessionCache"}
2024-08-07T16:08:51.329+02:00  INFO 20518 --- [       Thread-4] d.f.e.m.s.autoconfigure.EmbeddedMongo    : {"t":{"$date":"2024-08-07T16:08:51.328+02:00"},"s":"I",  "c":"NETWORK",  "id":20562,   "ctx":"thread33","msg":"Shutdown: going to close listening sockets"}
2024-08-07T16:08:51.329+02:00  INFO 20518 --- [       Thread-4] d.f.e.m.s.autoconfigure.EmbeddedMongo    : {"t":{"$date":"2024-08-07T16:08:51.328+02:00"},"s":"I",  "c":"NETWORK",  "id":23017,   "ctx":"listener","msg":"removing socket file","attr":{"path":"/tmp/mongodb-36325.sock"}}
2024-08-07T16:08:51.329+02:00  INFO 20518 --- [       Thread-4] d.f.e.m.s.autoconfigure.EmbeddedMongo    : {"t":{"$date":"2024-08-07T16:08:51.329+02:00"},"s":"I",  "c":"NETWORK",  "id":4784905, "ctx":"thread33","msg":"Shutting down the global connection pool"}
2024-08-07T16:08:51.329+02:00  INFO 20518 --- [       Thread-4] d.f.e.m.s.autoconfigure.EmbeddedMongo    : {"t":{"$date":"2024-08-07T16:08:51.329+02:00"},"s":"I",  "c":"CONTROL",  "id":4784906, "ctx":"thread33","msg":"Shutting down the FlowControlTicketholder"}
2024-08-07T16:08:51.329+02:00  INFO 20518 --- [       Thread-4] d.f.e.m.s.autoconfigure.EmbeddedMongo    : {"t":{"$date":"2024-08-07T16:08:51.329+02:00"},"s":"I",  "c":"-",        "id":20520,   "ctx":"thread33","msg":"Stopping further Flow Control ticket acquisitions."}
2024-08-07T16:08:51.329+02:00  INFO 20518 --- [       Thread-4] d.f.e.m.s.autoconfigure.EmbeddedMongo    : {"t":{"$date":"2024-08-07T16:08:51.329+02:00"},"s":"I",  "c":"CONTROL",  "id":4784908, "ctx":"thread33","msg":"Shutting down the PeriodicThreadToAbortExpiredTransactions"}
2024-08-07T16:08:51.329+02:00  INFO 20518 --- [       Thread-4] d.f.e.m.s.autoconfigure.EmbeddedMongo    : {"t":{"$date":"2024-08-07T16:08:51.329+02:00"},"s":"I",  "c":"REPL",     "id":4784909, "ctx":"thread33","msg":"Shutting down the ReplicationCoordinator"}
2024-08-07T16:08:51.329+02:00  INFO 20518 --- [       Thread-4] d.f.e.m.s.autoconfigure.EmbeddedMongo    : {"t":{"$date":"2024-08-07T16:08:51.329+02:00"},"s":"I",  "c":"SHARDING", "id":4784910, "ctx":"thread33","msg":"Shutting down the ShardingInitializationMongoD"}
2024-08-07T16:08:51.329+02:00  INFO 20518 --- [       Thread-4] d.f.e.m.s.autoconfigure.EmbeddedMongo    : {"t":{"$date":"2024-08-07T16:08:51.329+02:00"},"s":"I",  "c":"REPL",     "id":4784911, "ctx":"thread33","msg":"Enqueuing the ReplicationStateTransitionLock for shutdown"}
2024-08-07T16:08:51.329+02:00  INFO 20518 --- [       Thread-4] d.f.e.m.s.autoconfigure.EmbeddedMongo    : {"t":{"$date":"2024-08-07T16:08:51.329+02:00"},"s":"I",  "c":"-",        "id":4784912, "ctx":"thread33","msg":"Killing all operations for shutdown"}
2024-08-07T16:08:51.329+02:00  INFO 20518 --- [       Thread-4] d.f.e.m.s.autoconfigure.EmbeddedMongo    : {"t":{"$date":"2024-08-07T16:08:51.329+02:00"},"s":"I",  "c":"-",        "id":4695300, "ctx":"thread33","msg":"Interrupted all currently running operations","attr":{"opsKilled":3}}
2024-08-07T16:08:51.329+02:00  INFO 20518 --- [       Thread-4] d.f.e.m.s.autoconfigure.EmbeddedMongo    : {"t":{"$date":"2024-08-07T16:08:51.329+02:00"},"s":"I",  "c":"TENANT_M", "id":5093807, "ctx":"thread33","msg":"Shutting down all TenantMigrationAccessBlockers on global shutdown"}
2024-08-07T16:08:51.329+02:00  INFO 20518 --- [       Thread-4] d.f.e.m.s.autoconfigure.EmbeddedMongo    : {"t":{"$date":"2024-08-07T16:08:51.329+02:00"},"s":"I",  "c":"COMMAND",  "id":4784913, "ctx":"thread33","msg":"Shutting down all open transactions"}
2024-08-07T16:08:51.329+02:00  INFO 20518 --- [       Thread-4] d.f.e.m.s.autoconfigure.EmbeddedMongo    : {"t":{"$date":"2024-08-07T16:08:51.329+02:00"},"s":"I",  "c":"REPL",     "id":4784914, "ctx":"thread33","msg":"Acquiring the ReplicationStateTransitionLock for shutdown"}
2024-08-07T16:08:51.329+02:00  INFO 20518 --- [       Thread-4] d.f.e.m.s.autoconfigure.EmbeddedMongo    : {"t":{"$date":"2024-08-07T16:08:51.329+02:00"},"s":"I",  "c":"INDEX",    "id":4784915, "ctx":"thread33","msg":"Shutting down the IndexBuildsCoordinator"}
2024-08-07T16:08:51.329+02:00  INFO 20518 --- [       Thread-4] d.f.e.m.s.autoconfigure.EmbeddedMongo    : {"t":{"$date":"2024-08-07T16:08:51.329+02:00"},"s":"I",  "c":"NETWORK",  "id":4784918, "ctx":"thread33","msg":"Shutting down the ReplicaSetMonitor"}
2024-08-07T16:08:51.330+02:00  INFO 20518 --- [       Thread-4] d.f.e.m.s.autoconfigure.EmbeddedMongo    : {"t":{"$date":"2024-08-07T16:08:51.329+02:00"},"s":"I",  "c":"SHARDING", "id":4784921, "ctx":"thread33","msg":"Shutting down the MigrationUtilExecutor"}
2024-08-07T16:08:51.330+02:00  INFO 20518 --- [       Thread-4] d.f.e.m.s.autoconfigure.EmbeddedMongo    : {"t":{"$date":"2024-08-07T16:08:51.329+02:00"},"s":"I",  "c":"ASIO",     "id":22582,   "ctx":"MigrationUtil-TaskExecutor","msg":"Killing all outstanding egress activity."}
2024-08-07T16:08:51.330+02:00  INFO 20518 --- [       Thread-4] d.f.e.m.s.autoconfigure.EmbeddedMongo    : {"t":{"$date":"2024-08-07T16:08:51.329+02:00"},"s":"I",  "c":"COMMAND",  "id":4784923, "ctx":"thread33","msg":"Shutting down the ServiceEntryPoint"}
2024-08-07T16:08:51.330+02:00  INFO 20518 --- [       Thread-4] d.f.e.m.s.autoconfigure.EmbeddedMongo    : {"t":{"$date":"2024-08-07T16:08:51.329+02:00"},"s":"I",  "c":"CONTROL",  "id":4784925, "ctx":"thread33","msg":"Shutting down free monitoring"}
2024-08-07T16:08:51.330+02:00  INFO 20518 --- [       Thread-4] d.f.e.m.s.autoconfigure.EmbeddedMongo    : {"t":{"$date":"2024-08-07T16:08:51.329+02:00"},"s":"I",  "c":"CONTROL",  "id":20609,   "ctx":"thread33","msg":"Shutting down free monitoring"}
2024-08-07T16:08:51.330+02:00  INFO 20518 --- [       Thread-4] d.f.e.m.s.autoconfigure.EmbeddedMongo    : {"t":{"$date":"2024-08-07T16:08:51.329+02:00"},"s":"I",  "c":"CONTROL",  "id":4784927, "ctx":"thread33","msg":"Shutting down the HealthLog"}
2024-08-07T16:08:51.330+02:00  INFO 20518 --- [       Thread-4] d.f.e.m.s.autoconfigure.EmbeddedMongo    : {"t":{"$date":"2024-08-07T16:08:51.329+02:00"},"s":"I",  "c":"CONTROL",  "id":4784928, "ctx":"thread33","msg":"Shutting down the TTL monitor"}
2024-08-07T16:08:51.330+02:00  INFO 20518 --- [       Thread-4] d.f.e.m.s.autoconfigure.EmbeddedMongo    : {"t":{"$date":"2024-08-07T16:08:51.329+02:00"},"s":"I",  "c":"INDEX",    "id":3684100, "ctx":"thread33","msg":"Shutting down TTL collection monitor thread"}
2024-08-07T16:08:51.330+02:00  INFO 20518 --- [       Thread-4] d.f.e.m.s.autoconfigure.EmbeddedMongo    : {"t":{"$date":"2024-08-07T16:08:51.329+02:00"},"s":"I",  "c":"INDEX",    "id":3684101, "ctx":"thread33","msg":"Finished shutting down TTL collection monitor thread"}
2024-08-07T16:08:51.330+02:00  INFO 20518 --- [       Thread-4] d.f.e.m.s.autoconfigure.EmbeddedMongo    : {"t":{"$date":"2024-08-07T16:08:51.329+02:00"},"s":"I",  "c":"CONTROL",  "id":6278511, "ctx":"thread33","msg":"Shutting down the Change Stream Expired Pre-images Remover"}
2024-08-07T16:08:51.330+02:00  INFO 20518 --- [       Thread-4] d.f.e.m.s.autoconfigure.EmbeddedMongo    : {"t":{"$date":"2024-08-07T16:08:51.329+02:00"},"s":"I",  "c":"CONTROL",  "id":4784929, "ctx":"thread33","msg":"Acquiring the global lock for shutdown"}
2024-08-07T16:08:51.330+02:00  INFO 20518 --- [       Thread-4] d.f.e.m.s.autoconfigure.EmbeddedMongo    : {"t":{"$date":"2024-08-07T16:08:51.329+02:00"},"s":"I",  "c":"CONTROL",  "id":4784930, "ctx":"thread33","msg":"Shutting down the storage engine"}
2024-08-07T16:08:51.330+02:00  INFO 20518 --- [       Thread-4] d.f.e.m.s.autoconfigure.EmbeddedMongo    : {"t":{"$date":"2024-08-07T16:08:51.329+02:00"},"s":"I",  "c":"STORAGE",  "id":22320,   "ctx":"thread33","msg":"Shutting down journal flusher thread"}
2024-08-07T16:08:51.381+02:00  INFO 20518 --- [       Thread-4] d.f.e.m.s.autoconfigure.EmbeddedMongo    : {"t":{"$date":"2024-08-07T16:08:51.381+02:00"},"s":"I",  "c":"STORAGE",  "id":22321,   "ctx":"thread33","msg":"Finished shutting down journal flusher thread"}
2024-08-07T16:08:51.381+02:00  INFO 20518 --- [       Thread-4] d.f.e.m.s.autoconfigure.EmbeddedMongo    : {"t":{"$date":"2024-08-07T16:08:51.381+02:00"},"s":"I",  "c":"STORAGE",  "id":22322,   "ctx":"thread33","msg":"Shutting down checkpoint thread"}
2024-08-07T16:08:51.381+02:00  INFO 20518 --- [       Thread-4] d.f.e.m.s.autoconfigure.EmbeddedMongo    : {"t":{"$date":"2024-08-07T16:08:51.381+02:00"},"s":"I",  "c":"STORAGE",  "id":22323,   "ctx":"thread33","msg":"Finished shutting down checkpoint thread"}
2024-08-07T16:08:51.381+02:00  INFO 20518 --- [       Thread-4] d.f.e.m.s.autoconfigure.EmbeddedMongo    : {"t":{"$date":"2024-08-07T16:08:51.381+02:00"},"s":"I",  "c":"STORAGE",  "id":20282,   "ctx":"thread33","msg":"Deregistering all the collections"}
2024-08-07T16:08:51.381+02:00  INFO 20518 --- [       Thread-4] d.f.e.m.s.autoconfigure.EmbeddedMongo    : {"t":{"$date":"2024-08-07T16:08:51.381+02:00"},"s":"I",  "c":"STORAGE",  "id":22261,   "ctx":"thread33","msg":"Timestamp monitor shutting down"}
2024-08-07T16:08:51.381+02:00  INFO 20518 --- [       Thread-4] d.f.e.m.s.autoconfigure.EmbeddedMongo    : {"t":{"$date":"2024-08-07T16:08:51.381+02:00"},"s":"I",  "c":"STORAGE",  "id":22317,   "ctx":"thread33","msg":"WiredTigerKVEngine shutting down"}
2024-08-07T16:08:51.381+02:00  INFO 20518 --- [       Thread-4] d.f.e.m.s.autoconfigure.EmbeddedMongo    : {"t":{"$date":"2024-08-07T16:08:51.381+02:00"},"s":"I",  "c":"STORAGE",  "id":22318,   "ctx":"thread33","msg":"Shutting down session sweeper thread"}
2024-08-07T16:08:51.381+02:00  INFO 20518 --- [       Thread-4] d.f.e.m.s.autoconfigure.EmbeddedMongo    : {"t":{"$date":"2024-08-07T16:08:51.381+02:00"},"s":"I",  "c":"STORAGE",  "id":22319,   "ctx":"thread33","msg":"Finished shutting down session sweeper thread"}
2024-08-07T16:08:51.382+02:00  INFO 20518 --- [       Thread-4] d.f.e.m.s.autoconfigure.EmbeddedMongo    : {"t":{"$date":"2024-08-07T16:08:51.381+02:00"},"s":"I",  "c":"STORAGE",  "id":4795902, "ctx":"thread33","msg":"Closing WiredTiger","attr":{"closeConfig":"leak_memory=true,"}}
2024-08-07T16:08:51.404+02:00  INFO 20518 --- [       Thread-4] d.f.e.m.s.autoconfigure.EmbeddedMongo    : {"t":{"$date":"2024-08-07T16:08:51.404+02:00"},"s":"I",  "c":"STORAGE",  "id":4795901, "ctx":"thread33","msg":"WiredTiger closed","attr":{"durationMillis":23}}
2024-08-07T16:08:51.405+02:00  INFO 20518 --- [       Thread-4] d.f.e.m.s.autoconfigure.EmbeddedMongo    : {"t":{"$date":"2024-08-07T16:08:51.404+02:00"},"s":"I",  "c":"STORAGE",  "id":22279,   "ctx":"thread33","msg":"shutdown: removing fs lock..."}
2024-08-07T16:08:51.405+02:00  INFO 20518 --- [       Thread-4] d.f.e.m.s.autoconfigure.EmbeddedMongo    : {"t":{"$date":"2024-08-07T16:08:51.404+02:00"},"s":"I",  "c":"-",        "id":4784931, "ctx":"thread33","msg":"Dropping the scope cache for shutdown"}
2024-08-07T16:08:51.405+02:00  INFO 20518 --- [       Thread-4] d.f.e.m.s.autoconfigure.EmbeddedMongo    : {"t":{"$date":"2024-08-07T16:08:51.404+02:00"},"s":"I",  "c":"FTDC",     "id":20626,   "ctx":"thread33","msg":"Shutting down full-time diagnostic data capture"}
2024-08-07T16:08:51.406+02:00  INFO 20518 --- [       Thread-4] d.f.e.m.s.autoconfigure.EmbeddedMongo    : {"t":{"$date":"2024-08-07T16:08:51.406+02:00"},"s":"I",  "c":"CONTROL",  "id":20565,   "ctx":"thread33","msg":"Now exiting"}
2024-08-07T16:08:51.407+02:00  INFO 20518 --- [       Thread-4] d.f.e.m.s.autoconfigure.EmbeddedMongo    : {"t":{"$date":"2024-08-07T16:08:51.406+02:00"},"s":"I",  "c":"CONTROL",  "id":23138,   "ctx":"thread33","msg":"Shutting down","attr":{"exitCode":0}}
]]></system-out>
  </testcase>
  <testcase name="expectMessage_AfterChangePassword" classname="com.github.wekaito.backend.security.MongoUserControllerTest" time="3.695">
    <system-out><![CDATA[
  .   ____          _            __ _ _
 /\\ / ___'_ __ _ _(_)_ __  __ _ \ \ \ \
( ( )\___ | '_ | '_| | '_ \/ _` | \ \ \ \
 \\/  ___)| |_)| | | | | || (_| |  ) ) ) )
  '  |____| .__|_| |_|_| |_\__, | / / / /
 =========|_|==============|___/=/_/_/_/
 :: Spring Boot ::                (v3.1.2)

2024-08-07T16:08:51.528+02:00  INFO 20518 --- [           main] c.g.w.b.s.MongoUserControllerTest        : Starting MongoUserControllerTest using Java 21.0.4 with PID 20518 (started by daniel in /home/daniel/GitHub/digimon-tcg-simulator/backend)
2024-08-07T16:08:51.528+02:00  INFO 20518 --- [           main] c.g.w.b.s.MongoUserControllerTest        : No active profile set, falling back to 1 default profile: "default"
2024-08-07T16:08:51.671+02:00  INFO 20518 --- [           main] .s.d.r.c.RepositoryConfigurationDelegate : Bootstrapping Spring Data MongoDB repositories in DEFAULT mode.
2024-08-07T16:08:51.677+02:00  INFO 20518 --- [           main] .s.d.r.c.RepositoryConfigurationDelegate : Finished Spring Data repository scanning in 5 ms. Found 3 MongoDB repository interfaces.
2024-08-07T16:08:51.723+02:00  INFO 20518 --- [           main] trationDelegate$BeanPostProcessorChecker : Bean 'de.flapdoodle.embed.mongo.spring.autoconfigure.EmbeddedMongoAutoConfiguration' of type [de.flapdoodle.embed.mongo.spring.autoconfigure.EmbeddedMongoAutoConfiguration] is not eligible for getting processed by all BeanPostProcessors (for example: not eligible for auto-proxying)
2024-08-07T16:08:51.727+02:00  INFO 20518 --- [           main] trationDelegate$BeanPostProcessorChecker : Bean 'de.flapdoodle.mongodb.embedded-de.flapdoodle.embed.mongo.spring.autoconfigure.EmbeddedMongoProperties' of type [de.flapdoodle.embed.mongo.spring.autoconfigure.EmbeddedMongoProperties] is not eligible for getting processed by all BeanPostProcessors (for example: not eligible for auto-proxying)
2024-08-07T16:08:51.730+02:00  INFO 20518 --- [           main] trationDelegate$BeanPostProcessorChecker : Bean 'spring.data.mongodb-org.springframework.boot.autoconfigure.mongo.MongoProperties' of type [org.springframework.boot.autoconfigure.mongo.MongoProperties] is not eligible for getting processed by all BeanPostProcessors (for example: not eligible for auto-proxying)
2024-08-07T16:08:51.741+02:00  INFO 20518 --- [           main] d.f.e.m.s.a.SyncClientServerFactory      : sync server factory
2024-08-07T16:08:51.767+02:00  INFO 20518 --- [      Thread-20] d.f.e.m.s.autoconfigure.EmbeddedMongo    : {"t":{"$date":"2024-08-07T16:08:51.766+02:00"},"s":"I",  "c":"CONTROL",  "id":23285,   "ctx":"-","msg":"Automatically disabling TLS 1.0, to force-enable TLS 1.0 specify --sslDisabledProtocols 'none'"}
2024-08-07T16:08:51.767+02:00  INFO 20518 --- [      Thread-20] d.f.e.m.s.autoconfigure.EmbeddedMongo    : {"t":{"$date":"2024-08-07T16:08:51.767+02:00"},"s":"I",  "c":"NETWORK",  "id":4915701, "ctx":"main","msg":"Initialized wire specification","attr":{"spec":{"incomingExternalClient":{"minWireVersion":0,"maxWireVersion":17},"incomingInternalClient":{"minWireVersion":0,"maxWireVersion":17},"outgoing":{"minWireVersion":6,"maxWireVersion":17},"isInternalClient":true}}}
2024-08-07T16:08:51.768+02:00  INFO 20518 --- [      Thread-20] d.f.e.m.s.autoconfigure.EmbeddedMongo    : {"t":{"$date":"2024-08-07T16:08:51.768+02:00"},"s":"I",  "c":"NETWORK",  "id":4648601, "ctx":"main","msg":"Implicit TCP FastOpen unavailable. If TCP FastOpen is required, set tcpFastOpenServer, tcpFastOpenClient, and tcpFastOpenQueueSize."}
2024-08-07T16:08:51.768+02:00  INFO 20518 --- [      Thread-20] d.f.e.m.s.autoconfigure.EmbeddedMongo    : {"t":{"$date":"2024-08-07T16:08:51.768+02:00"},"s":"I",  "c":"REPL",     "id":5123008, "ctx":"main","msg":"Successfully registered PrimaryOnlyService","attr":{"service":"TenantMigrationDonorService","namespace":"config.tenantMigrationDonors"}}
2024-08-07T16:08:51.768+02:00  INFO 20518 --- [      Thread-20] d.f.e.m.s.autoconfigure.EmbeddedMongo    : {"t":{"$date":"2024-08-07T16:08:51.768+02:00"},"s":"I",  "c":"REPL",     "id":5123008, "ctx":"main","msg":"Successfully registered PrimaryOnlyService","attr":{"service":"TenantMigrationRecipientService","namespace":"config.tenantMigrationRecipients"}}
2024-08-07T16:08:51.768+02:00  INFO 20518 --- [      Thread-20] d.f.e.m.s.autoconfigure.EmbeddedMongo    : {"t":{"$date":"2024-08-07T16:08:51.768+02:00"},"s":"I",  "c":"REPL",     "id":5123008, "ctx":"main","msg":"Successfully registered PrimaryOnlyService","attr":{"service":"ShardSplitDonorService","namespace":"config.tenantSplitDonors"}}
2024-08-07T16:08:51.768+02:00  INFO 20518 --- [      Thread-20] d.f.e.m.s.autoconfigure.EmbeddedMongo    : {"t":{"$date":"2024-08-07T16:08:51.768+02:00"},"s":"I",  "c":"CONTROL",  "id":5945603, "ctx":"main","msg":"Multi threading initialized"}
2024-08-07T16:08:51.769+02:00  INFO 20518 --- [      Thread-20] d.f.e.m.s.autoconfigure.EmbeddedMongo    : {"t":{"$date":"2024-08-07T16:08:51.768+02:00"},"s":"I",  "c":"CONTROL",  "id":4615611, "ctx":"initandlisten","msg":"MongoDB starting","attr":{"pid":20849,"port":39027,"dbPath":"/tmp/temp--c92c5f30-1540-46c4-be8c-3ba56630cafd/mongod-database3922603456300386460","architecture":"64-bit","host":"DNK-PC-RTX"}}
2024-08-07T16:08:51.769+02:00  INFO 20518 --- [      Thread-20] d.f.e.m.s.autoconfigure.EmbeddedMongo    : {"t":{"$date":"2024-08-07T16:08:51.769+02:00"},"s":"I",  "c":"CONTROL",  "id":23403,   "ctx":"initandlisten","msg":"Build Info","attr":{"buildInfo":{"version":"6.0.1","gitVersion":"32f0f9c88dc44a2c8073a5bd47cf779d4bfdee6b","openSSLVersion":"OpenSSL 1.1.1f  31 Mar 2020","modules":[],"allocator":"tcmalloc","environment":{"distmod":"ubuntu2004","distarch":"x86_64","target_arch":"x86_64"}}}}
2024-08-07T16:08:51.769+02:00  INFO 20518 --- [      Thread-20] d.f.e.m.s.autoconfigure.EmbeddedMongo    : {"t":{"$date":"2024-08-07T16:08:51.769+02:00"},"s":"I",  "c":"CONTROL",  "id":51765,   "ctx":"initandlisten","msg":"Operating System","attr":{"os":{"name":"Ubuntu","version":"22.04"}}}
2024-08-07T16:08:51.769+02:00  INFO 20518 --- [      Thread-20] d.f.e.m.s.autoconfigure.EmbeddedMongo    : {"t":{"$date":"2024-08-07T16:08:51.769+02:00"},"s":"I",  "c":"CONTROL",  "id":21951,   "ctx":"initandlisten","msg":"Options set by command line","attr":{"options":{"net":{"bindIp":"127.0.0.1","port":39027},"security":{"authorization":"disabled"},"storage":{"dbPath":"/tmp/temp--c92c5f30-1540-46c4-be8c-3ba56630cafd/mongod-database3922603456300386460","journal":{"enabled":false},"syncPeriodSecs":0}}}}
2024-08-07T16:08:51.769+02:00  INFO 20518 --- [      Thread-20] d.f.e.m.s.autoconfigure.EmbeddedMongo    : {"t":{"$date":"2024-08-07T16:08:51.769+02:00"},"s":"I",  "c":"STORAGE",  "id":22297,   "ctx":"initandlisten","msg":"Using the XFS filesystem is strongly recommended with the WiredTiger storage engine. See http://dochub.mongodb.org/core/prodnotes-filesystem","tags":["startupWarnings"]}
2024-08-07T16:08:51.769+02:00  INFO 20518 --- [      Thread-20] d.f.e.m.s.autoconfigure.EmbeddedMongo    : {"t":{"$date":"2024-08-07T16:08:51.769+02:00"},"s":"I",  "c":"STORAGE",  "id":22315,   "ctx":"initandlisten","msg":"Opening WiredTiger","attr":{"config":"create,cache_size=3427M,session_max=33000,eviction=(threads_min=4,threads_max=4),config_base=false,statistics=(fast),log=(enabled=true,remove=true,path=journal,compressor=snappy),builtin_extension_config=(zstd=(compression_level=6)),file_manager=(close_idle_time=600,close_scan_interval=10,close_handle_minimum=2000),statistics_log=(wait=0),json_output=(error,message),verbose=[recovery_progress:1,checkpoint_progress:1,compact_progress:1,backup:0,checkpoint:0,compact:0,evict:0,history_store:0,recovery:0,rts:0,salvage:0,tiered:0,timestamp:0,transaction:0,verify:0,log:0],,log=(enabled=false),"}}
2024-08-07T16:08:51.921+02:00  INFO 20518 --- [      Thread-20] d.f.e.m.s.autoconfigure.EmbeddedMongo    : {"t":{"$date":"2024-08-07T16:08:51.920+02:00"},"s":"I",  "c":"STORAGE",  "id":4795906, "ctx":"initandlisten","msg":"WiredTiger opened","attr":{"durationMillis":151}}
2024-08-07T16:08:51.921+02:00  INFO 20518 --- [      Thread-20] d.f.e.m.s.autoconfigure.EmbeddedMongo    : {"t":{"$date":"2024-08-07T16:08:51.921+02:00"},"s":"I",  "c":"RECOVERY", "id":23987,   "ctx":"initandlisten","msg":"WiredTiger recoveryTimestamp","attr":{"recoveryTimestamp":{"$timestamp":{"t":0,"i":0}}}}
2024-08-07T16:08:51.954+02:00  INFO 20518 --- [      Thread-20] d.f.e.m.s.autoconfigure.EmbeddedMongo    : {"t":{"$date":"2024-08-07T16:08:51.954+02:00"},"s":"I",  "c":"WT",       "id":4366408, "ctx":"initandlisten","msg":"No table logging settings modifications are required for existing WiredTiger tables","attr":{"loggingEnabled":true}}
2024-08-07T16:08:51.963+02:00  INFO 20518 --- [      Thread-20] d.f.e.m.s.autoconfigure.EmbeddedMongo    : {"t":{"$date":"2024-08-07T16:08:51.963+02:00"},"s":"W",  "c":"CONTROL",  "id":22178,   "ctx":"initandlisten","msg":"/sys/kernel/mm/transparent_hugepage/enabled is 'always'. We suggest setting it to 'never'","tags":["startupWarnings"]}
2024-08-07T16:08:51.963+02:00  INFO 20518 --- [      Thread-20] d.f.e.m.s.autoconfigure.EmbeddedMongo    : {"t":{"$date":"2024-08-07T16:08:51.963+02:00"},"s":"W",  "c":"CONTROL",  "id":5123300, "ctx":"initandlisten","msg":"vm.max_map_count is too low","attr":{"currentValue":262144,"recommendedMinimum":1677720,"maxConns":838860},"tags":["startupWarnings"]}
2024-08-07T16:08:51.963+02:00  INFO 20518 --- [      Thread-20] d.f.e.m.s.autoconfigure.EmbeddedMongo    : {"t":{"$date":"2024-08-07T16:08:51.963+02:00"},"s":"I",  "c":"STORAGE",  "id":20320,   "ctx":"initandlisten","msg":"createCollection","attr":{"namespace":"admin.system.version","uuidDisposition":"provided","uuid":{"uuid":{"$uuid":"df735c6b-188f-49d5-9db9-39ca7b45a732"}},"options":{"uuid":{"$uuid":"df735c6b-188f-49d5-9db9-39ca7b45a732"}}}}
2024-08-07T16:08:51.991+02:00  INFO 20518 --- [      Thread-20] d.f.e.m.s.autoconfigure.EmbeddedMongo    : {"t":{"$date":"2024-08-07T16:08:51.991+02:00"},"s":"I",  "c":"INDEX",    "id":20345,   "ctx":"initandlisten","msg":"Index build: done building","attr":{"buildUUID":null,"collectionUUID":{"uuid":{"$uuid":"df735c6b-188f-49d5-9db9-39ca7b45a732"}},"namespace":"admin.system.version","index":"_id_","ident":"index-1--4215315407309949201","collectionIdent":"collection-0--4215315407309949201","commitTimestamp":null}}
2024-08-07T16:08:51.991+02:00  INFO 20518 --- [      Thread-20] d.f.e.m.s.autoconfigure.EmbeddedMongo    : {"t":{"$date":"2024-08-07T16:08:51.991+02:00"},"s":"I",  "c":"REPL",     "id":20459,   "ctx":"initandlisten","msg":"Setting featureCompatibilityVersion","attr":{"newVersion":"6.0"}}
2024-08-07T16:08:51.992+02:00  INFO 20518 --- [      Thread-20] d.f.e.m.s.autoconfigure.EmbeddedMongo    : {"t":{"$date":"2024-08-07T16:08:51.991+02:00"},"s":"I",  "c":"REPL",     "id":5853300, "ctx":"initandlisten","msg":"current featureCompatibilityVersion value","attr":{"featureCompatibilityVersion":"6.0","context":"setFCV"}}
2024-08-07T16:08:51.992+02:00  INFO 20518 --- [      Thread-20] d.f.e.m.s.autoconfigure.EmbeddedMongo    : {"t":{"$date":"2024-08-07T16:08:51.991+02:00"},"s":"I",  "c":"NETWORK",  "id":4915702, "ctx":"initandlisten","msg":"Updated wire specification","attr":{"oldSpec":{"incomingExternalClient":{"minWireVersion":0,"maxWireVersion":17},"incomingInternalClient":{"minWireVersion":0,"maxWireVersion":17},"outgoing":{"minWireVersion":6,"maxWireVersion":17},"isInternalClient":true},"newSpec":{"incomingExternalClient":{"minWireVersion":0,"maxWireVersion":17},"incomingInternalClient":{"minWireVersion":17,"maxWireVersion":17},"outgoing":{"minWireVersion":17,"maxWireVersion":17},"isInternalClient":true}}}
2024-08-07T16:08:51.992+02:00  INFO 20518 --- [      Thread-20] d.f.e.m.s.autoconfigure.EmbeddedMongo    : {"t":{"$date":"2024-08-07T16:08:51.991+02:00"},"s":"I",  "c":"NETWORK",  "id":4915702, "ctx":"initandlisten","msg":"Updated wire specification","attr":{"oldSpec":{"incomingExternalClient":{"minWireVersion":0,"maxWireVersion":17},"incomingInternalClient":{"minWireVersion":17,"maxWireVersion":17},"outgoing":{"minWireVersion":17,"maxWireVersion":17},"isInternalClient":true},"newSpec":{"incomingExternalClient":{"minWireVersion":0,"maxWireVersion":17},"incomingInternalClient":{"minWireVersion":17,"maxWireVersion":17},"outgoing":{"minWireVersion":17,"maxWireVersion":17},"isInternalClient":true}}}
2024-08-07T16:08:51.992+02:00  INFO 20518 --- [      Thread-20] d.f.e.m.s.autoconfigure.EmbeddedMongo    : {"t":{"$date":"2024-08-07T16:08:51.991+02:00"},"s":"I",  "c":"REPL",     "id":5853300, "ctx":"initandlisten","msg":"current featureCompatibilityVersion value","attr":{"featureCompatibilityVersion":"6.0","context":"startup"}}
2024-08-07T16:08:51.992+02:00  INFO 20518 --- [      Thread-20] d.f.e.m.s.autoconfigure.EmbeddedMongo    : {"t":{"$date":"2024-08-07T16:08:51.991+02:00"},"s":"I",  "c":"STORAGE",  "id":5071100, "ctx":"initandlisten","msg":"Clearing temp directory"}
2024-08-07T16:08:51.992+02:00  INFO 20518 --- [      Thread-20] d.f.e.m.s.autoconfigure.EmbeddedMongo    : {"t":{"$date":"2024-08-07T16:08:51.991+02:00"},"s":"I",  "c":"CONTROL",  "id":20536,   "ctx":"initandlisten","msg":"Flow Control is enabled on this deployment"}
2024-08-07T16:08:51.992+02:00  INFO 20518 --- [      Thread-20] d.f.e.m.s.autoconfigure.EmbeddedMongo    : {"t":{"$date":"2024-08-07T16:08:51.991+02:00"},"s":"I",  "c":"FTDC",     "id":20625,   "ctx":"initandlisten","msg":"Initializing full-time diagnostic data capture","attr":{"dataDirectory":"/tmp/temp--c92c5f30-1540-46c4-be8c-3ba56630cafd/mongod-database3922603456300386460/diagnostic.data"}}
2024-08-07T16:08:51.993+02:00  INFO 20518 --- [      Thread-20] d.f.e.m.s.autoconfigure.EmbeddedMongo    : {"t":{"$date":"2024-08-07T16:08:51.993+02:00"},"s":"I",  "c":"STORAGE",  "id":20320,   "ctx":"initandlisten","msg":"createCollection","attr":{"namespace":"local.startup_log","uuidDisposition":"generated","uuid":{"uuid":{"$uuid":"6f8608dd-8230-45c7-b685-d21ebc758e4f"}},"options":{"capped":true,"size":10485760}}}
2024-08-07T16:08:52.023+02:00  INFO 20518 --- [      Thread-20] d.f.e.m.s.autoconfigure.EmbeddedMongo    : {"t":{"$date":"2024-08-07T16:08:52.023+02:00"},"s":"I",  "c":"INDEX",    "id":20345,   "ctx":"initandlisten","msg":"Index build: done building","attr":{"buildUUID":null,"collectionUUID":{"uuid":{"$uuid":"6f8608dd-8230-45c7-b685-d21ebc758e4f"}},"namespace":"local.startup_log","index":"_id_","ident":"index-3--4215315407309949201","collectionIdent":"collection-2--4215315407309949201","commitTimestamp":null}}
2024-08-07T16:08:52.023+02:00  INFO 20518 --- [      Thread-20] d.f.e.m.s.autoconfigure.EmbeddedMongo    : {"t":{"$date":"2024-08-07T16:08:52.023+02:00"},"s":"I",  "c":"REPL",     "id":6015317, "ctx":"initandlisten","msg":"Setting new configuration state","attr":{"newState":"ConfigReplicationDisabled","oldState":"ConfigPreStart"}}
2024-08-07T16:08:52.024+02:00  INFO 20518 --- [      Thread-20] d.f.e.m.s.autoconfigure.EmbeddedMongo    : {"t":{"$date":"2024-08-07T16:08:52.023+02:00"},"s":"I",  "c":"STORAGE",  "id":22262,   "ctx":"initandlisten","msg":"Timestamp monitor starting"}
2024-08-07T16:08:52.024+02:00  INFO 20518 --- [      Thread-20] d.f.e.m.s.autoconfigure.EmbeddedMongo    : {"t":{"$date":"2024-08-07T16:08:52.024+02:00"},"s":"I",  "c":"CONTROL",  "id":20712,   "ctx":"LogicalSessionCacheReap","msg":"Sessions collection is not set up; waiting until next sessions reap interval","attr":{"error":"NamespaceNotFound: config.system.sessions does not exist"}}
2024-08-07T16:08:52.025+02:00  INFO 20518 --- [      Thread-20] d.f.e.m.s.autoconfigure.EmbeddedMongo    : {"t":{"$date":"2024-08-07T16:08:52.024+02:00"},"s":"I",  "c":"STORAGE",  "id":20320,   "ctx":"LogicalSessionCacheRefresh","msg":"createCollection","attr":{"namespace":"config.system.sessions","uuidDisposition":"generated","uuid":{"uuid":{"$uuid":"949ca66f-f241-423e-9b63-adf93dd4a270"}},"options":{}}}
2024-08-07T16:08:52.025+02:00  INFO 20518 --- [      Thread-20] d.f.e.m.s.autoconfigure.EmbeddedMongo    : {"t":{"$date":"2024-08-07T16:08:52.024+02:00"},"s":"I",  "c":"NETWORK",  "id":23015,   "ctx":"listener","msg":"Listening on","attr":{"address":"/tmp/mongodb-39027.sock"}}
2024-08-07T16:08:52.025+02:00  INFO 20518 --- [      Thread-20] d.f.e.m.s.autoconfigure.EmbeddedMongo    : {"t":{"$date":"2024-08-07T16:08:52.024+02:00"},"s":"I",  "c":"NETWORK",  "id":23015,   "ctx":"listener","msg":"Listening on","attr":{"address":"127.0.0.1"}}
2024-08-07T16:08:52.025+02:00  INFO 20518 --- [      Thread-20] d.f.e.m.s.autoconfigure.EmbeddedMongo    : {"t":{"$date":"2024-08-07T16:08:52.024+02:00"},"s":"I",  "c":"NETWORK",  "id":23016,   "ctx":"listener","msg":"Waiting for connections","attr":{"port":39027,"ssl":"off"}}
2024-08-07T16:08:52.031+02:00  INFO 20518 --- [           main] org.mongodb.driver.client                : MongoClient with metadata {"driver": {"name": "mongo-java-driver|sync|spring-boot", "version": "4.9.1"}, "os": {"type": "Linux", "name": "Linux", "architecture": "amd64", "version": "5.15.153.1-microsoft-standard-WSL2"}, "platform": "Java/Ubuntu/21.0.4+7-Ubuntu-1ubuntu222.04"} created with settings MongoClientSettings{readPreference=primary, writeConcern=WriteConcern{w=null, wTimeout=null ms, journal=null}, retryWrites=true, retryReads=true, readConcern=ReadConcern{level=null}, credential=null, streamFactoryFactory=null, commandListeners=[], codecRegistry=ProvidersCodecRegistry{codecProviders=[ValueCodecProvider{}, BsonValueCodecProvider{}, DBRefCodecProvider{}, DBObjectCodecProvider{}, DocumentCodecProvider{}, CollectionCodecProvider{}, IterableCodecProvider{}, MapCodecProvider{}, GeoJsonCodecProvider{}, GridFSFileCodecProvider{}, Jsr310CodecProvider{}, JsonObjectCodecProvider{}, BsonCodecProvider{}, EnumCodecProvider{}, com.mongodb.client.model.mql.ExpressionCodecProvider@4cf1ba4e, com.mongodb.Jep395RecordCodecProvider@23368646]}, loggerSettings=LoggerSettings{maxDocumentLength=1000}, clusterSettings={hosts=[localhost:39027], srvServiceName=mongodb, mode=SINGLE, requiredClusterType=UNKNOWN, requiredReplicaSetName='null', serverSelector='null', clusterListeners='[]', serverSelectionTimeout='30000 ms', localThreshold='30000 ms'}, socketSettings=SocketSettings{connectTimeoutMS=10000, readTimeoutMS=0, receiveBufferSize=0, sendBufferSize=0}, heartbeatSocketSettings=SocketSettings{connectTimeoutMS=10000, readTimeoutMS=10000, receiveBufferSize=0, sendBufferSize=0}, connectionPoolSettings=ConnectionPoolSettings{maxSize=100, minSize=0, maxWaitTimeMS=120000, maxConnectionLifeTimeMS=0, maxConnectionIdleTimeMS=0, maintenanceInitialDelayMS=0, maintenanceFrequencyMS=60000, connectionPoolListeners=[], maxConnecting=2}, serverSettings=ServerSettings{heartbeatFrequencyMS=10000, minHeartbeatFrequencyMS=500, serverListeners='[]', serverMonitorListeners='[]'}, sslSettings=SslSettings{enabled=false, invalidHostNameAllowed=false, context=null}, applicationName='null', compressorList=[], uuidRepresentation=JAVA_LEGACY, serverApi=null, autoEncryptionSettings=null, contextProvider=null}
2024-08-07T16:08:52.031+02:00  INFO 20518 --- [      Thread-20] d.f.e.m.s.autoconfigure.EmbeddedMongo    : {"t":{"$date":"2024-08-07T16:08:52.031+02:00"},"s":"I",  "c":"NETWORK",  "id":22943,   "ctx":"listener","msg":"Connection accepted","attr":{"remote":"127.0.0.1:58330","uuid":"972e2c5f-9248-465c-b4c0-f6d1c43a1133","connectionId":1,"connectionCount":1}}
2024-08-07T16:08:52.031+02:00  INFO 20518 --- [      Thread-20] d.f.e.m.s.autoconfigure.EmbeddedMongo    : {"t":{"$date":"2024-08-07T16:08:52.031+02:00"},"s":"I",  "c":"NETWORK",  "id":22943,   "ctx":"listener","msg":"Connection accepted","attr":{"remote":"127.0.0.1:58332","uuid":"d46fca30-37f0-44f6-9405-872042a7c0c1","connectionId":2,"connectionCount":2}}
2024-08-07T16:08:52.032+02:00  INFO 20518 --- [      Thread-20] d.f.e.m.s.autoconfigure.EmbeddedMongo    : {"t":{"$date":"2024-08-07T16:08:52.032+02:00"},"s":"I",  "c":"NETWORK",  "id":51800,   "ctx":"conn1","msg":"client metadata","attr":{"remote":"127.0.0.1:58330","client":"conn1","doc":{"driver":{"name":"mongo-java-driver|sync|spring-boot","version":"4.9.1"},"os":{"type":"Linux","name":"Linux","architecture":"amd64","version":"5.15.153.1-microsoft-standard-WSL2"},"platform":"Java/Ubuntu/21.0.4+7-Ubuntu-1ubuntu222.04"}}}
2024-08-07T16:08:52.032+02:00  INFO 20518 --- [      Thread-20] d.f.e.m.s.autoconfigure.EmbeddedMongo    : {"t":{"$date":"2024-08-07T16:08:52.032+02:00"},"s":"I",  "c":"NETWORK",  "id":51800,   "ctx":"conn2","msg":"client metadata","attr":{"remote":"127.0.0.1:58332","client":"conn2","doc":{"driver":{"name":"mongo-java-driver|sync|spring-boot","version":"4.9.1"},"os":{"type":"Linux","name":"Linux","architecture":"amd64","version":"5.15.153.1-microsoft-standard-WSL2"},"platform":"Java/Ubuntu/21.0.4+7-Ubuntu-1ubuntu222.04"}}}
2024-08-07T16:08:52.032+02:00  INFO 20518 --- [localhost:39027] org.mongodb.driver.cluster               : Monitor thread successfully connected to server with description ServerDescription{address=localhost:39027, type=STANDALONE, state=CONNECTED, ok=true, minWireVersion=0, maxWireVersion=17, maxDocumentSize=16777216, logicalSessionTimeoutMinutes=30, roundTripTimeNanos=1082175}
2024-08-07T16:08:52.073+02:00  INFO 20518 --- [      Thread-20] d.f.e.m.s.autoconfigure.EmbeddedMongo    : {"t":{"$date":"2024-08-07T16:08:52.073+02:00"},"s":"I",  "c":"INDEX",    "id":20345,   "ctx":"LogicalSessionCacheRefresh","msg":"Index build: done building","attr":{"buildUUID":null,"collectionUUID":{"uuid":{"$uuid":"949ca66f-f241-423e-9b63-adf93dd4a270"}},"namespace":"config.system.sessions","index":"_id_","ident":"index-5--4215315407309949201","collectionIdent":"collection-4--4215315407309949201","commitTimestamp":null}}
2024-08-07T16:08:52.073+02:00  INFO 20518 --- [      Thread-20] d.f.e.m.s.autoconfigure.EmbeddedMongo    : {"t":{"$date":"2024-08-07T16:08:52.073+02:00"},"s":"I",  "c":"INDEX",    "id":20345,   "ctx":"LogicalSessionCacheRefresh","msg":"Index build: done building","attr":{"buildUUID":null,"collectionUUID":{"uuid":{"$uuid":"949ca66f-f241-423e-9b63-adf93dd4a270"}},"namespace":"config.system.sessions","index":"lsidTTLIndex","ident":"index-6--4215315407309949201","collectionIdent":"collection-4--4215315407309949201","commitTimestamp":null}}
2024-08-07T16:08:52.239+02:00  INFO 20518 --- [      Thread-20] d.f.e.m.s.autoconfigure.EmbeddedMongo    : {"t":{"$date":"2024-08-07T16:08:52.238+02:00"},"s":"I",  "c":"NETWORK",  "id":22943,   "ctx":"listener","msg":"Connection accepted","attr":{"remote":"127.0.0.1:58340","uuid":"2770defc-9242-4bad-89bd-5eb589b7d3f2","connectionId":3,"connectionCount":3}}
2024-08-07T16:08:52.239+02:00  INFO 20518 --- [      Thread-20] d.f.e.m.s.autoconfigure.EmbeddedMongo    : {"t":{"$date":"2024-08-07T16:08:52.239+02:00"},"s":"I",  "c":"NETWORK",  "id":51800,   "ctx":"conn3","msg":"client metadata","attr":{"remote":"127.0.0.1:58340","client":"conn3","doc":{"driver":{"name":"mongo-java-driver|sync|spring-boot","version":"4.9.1"},"os":{"type":"Linux","name":"Linux","architecture":"amd64","version":"5.15.153.1-microsoft-standard-WSL2"},"platform":"Java/Ubuntu/21.0.4+7-Ubuntu-1ubuntu222.04"}}}
2024-08-07T16:08:52.694+02:00  INFO 20518 --- [      Thread-20] d.f.e.m.s.autoconfigure.EmbeddedMongo    : {"t":{"$date":"2024-08-07T16:08:52.693+02:00"},"s":"I",  "c":"STORAGE",  "id":20320,   "ctx":"conn3","msg":"createCollection","attr":{"namespace":"test.card","uuidDisposition":"generated","uuid":{"uuid":{"$uuid":"807f9ef5-140d-4096-bbaa-bed1a9ec8f89"}},"options":{}}}
2024-08-07T16:08:52.730+02:00  INFO 20518 --- [      Thread-20] d.f.e.m.s.autoconfigure.EmbeddedMongo    : {"t":{"$date":"2024-08-07T16:08:52.730+02:00"},"s":"I",  "c":"INDEX",    "id":20345,   "ctx":"conn3","msg":"Index build: done building","attr":{"buildUUID":null,"collectionUUID":{"uuid":{"$uuid":"807f9ef5-140d-4096-bbaa-bed1a9ec8f89"}},"namespace":"test.card","index":"_id_","ident":"index-8--4215315407309949201","collectionIdent":"collection-7--4215315407309949201","commitTimestamp":null}}
2024-08-07T16:08:52.776+02:00  INFO 20518 --- [           main] o.s.s.web.DefaultSecurityFilterChain     : Will secure any request with [org.springframework.security.web.session.DisableEncodeUrlFilter@61cab492, org.springframework.security.web.session.ForceEagerSessionCreationFilter@2d482ce3, org.springframework.security.web.context.request.async.WebAsyncManagerIntegrationFilter@4ebdcc8a, org.springframework.security.web.context.SecurityContextHolderFilter@1f30442b, org.springframework.security.web.header.HeaderWriterFilter@4120dd8d, org.springframework.security.web.csrf.CsrfFilter@cbf13d5, org.springframework.security.web.authentication.logout.LogoutFilter@8e3fa5, org.springframework.security.web.authentication.www.BasicAuthenticationFilter@1e1a4a92, org.springframework.security.web.savedrequest.RequestCacheAwareFilter@1f302749, org.springframework.security.web.servletapi.SecurityContextHolderAwareRequestFilter@58bb5d97, org.springframework.security.web.authentication.AnonymousAuthenticationFilter@183216fe, org.springframework.security.web.session.SessionManagementFilter@6b65d329, org.springframework.security.web.access.ExceptionTranslationFilter@3a0740e4, org.springframework.security.web.access.intercept.AuthorizationFilter@1048c229]
2024-08-07T16:08:52.841+02:00  INFO 20518 --- [           main] o.s.b.t.m.w.SpringBootMockServletContext : Initializing Spring TestDispatcherServlet ''
2024-08-07T16:08:52.841+02:00  INFO 20518 --- [           main] o.s.t.web.servlet.TestDispatcherServlet  : Initializing Servlet ''
2024-08-07T16:08:52.841+02:00  INFO 20518 --- [           main] o.s.t.web.servlet.TestDispatcherServlet  : Completed initialization in 0 ms
2024-08-07T16:08:52.847+02:00  INFO 20518 --- [           main] c.g.w.b.s.MongoUserControllerTest        : Started MongoUserControllerTest in 1.334 seconds (process running for 12.835)
2024-08-07T16:08:53.578+02:00  INFO 20518 --- [      Thread-20] d.f.e.m.s.autoconfigure.EmbeddedMongo    : {"t":{"$date":"2024-08-07T16:08:53.578+02:00"},"s":"I",  "c":"NETWORK",  "id":22943,   "ctx":"listener","msg":"Connection accepted","attr":{"remote":"127.0.0.1:58348","uuid":"fbe10e64-887a-47c3-a6f4-eafdea9fa1a7","connectionId":4,"connectionCount":4}}
2024-08-07T16:08:53.579+02:00  INFO 20518 --- [      Thread-20] d.f.e.m.s.autoconfigure.EmbeddedMongo    : {"t":{"$date":"2024-08-07T16:08:53.578+02:00"},"s":"I",  "c":"NETWORK",  "id":51800,   "ctx":"conn4","msg":"client metadata","attr":{"remote":"127.0.0.1:58348","client":"conn4","doc":{"driver":{"name":"mongo-java-driver|sync|spring-boot","version":"4.9.1"},"os":{"type":"Linux","name":"Linux","architecture":"amd64","version":"5.15.153.1-microsoft-standard-WSL2"},"platform":"Java/Ubuntu/21.0.4+7-Ubuntu-1ubuntu222.04"}}}
2024-08-07T16:08:53.580+02:00  INFO 20518 --- [      Thread-20] d.f.e.m.s.autoconfigure.EmbeddedMongo    : {"t":{"$date":"2024-08-07T16:08:53.580+02:00"},"s":"I",  "c":"STORAGE",  "id":20320,   "ctx":"conn4","msg":"createCollection","attr":{"namespace":"test.users","uuidDisposition":"generated","uuid":{"uuid":{"$uuid":"b9b8b9f0-79e6-429e-aa4a-63a3282833b0"}},"options":{}}}
2024-08-07T16:08:53.617+02:00  INFO 20518 --- [      Thread-20] d.f.e.m.s.autoconfigure.EmbeddedMongo    : {"t":{"$date":"2024-08-07T16:08:53.617+02:00"},"s":"I",  "c":"INDEX",    "id":20345,   "ctx":"conn4","msg":"Index build: done building","attr":{"buildUUID":null,"collectionUUID":{"uuid":{"$uuid":"b9b8b9f0-79e6-429e-aa4a-63a3282833b0"}},"namespace":"test.users","index":"_id_","ident":"index-10--4215315407309949201","collectionIdent":"collection-9--4215315407309949201","commitTimestamp":null}}
2024-08-07T16:08:56.265+02:00  INFO 20518 --- [      Thread-20] d.f.e.m.s.autoconfigure.EmbeddedMongo    : {"t":{"$date":"2024-08-07T16:08:56.264+02:00"},"s":"I",  "c":"NETWORK",  "id":22944,   "ctx":"conn4","msg":"Connection ended","attr":{"remote":"127.0.0.1:58348","uuid":"fbe10e64-887a-47c3-a6f4-eafdea9fa1a7","connectionId":4,"connectionCount":3}}
2024-08-07T16:08:56.265+02:00  INFO 20518 --- [      Thread-20] d.f.e.m.s.autoconfigure.EmbeddedMongo    : {"t":{"$date":"2024-08-07T16:08:56.264+02:00"},"s":"I",  "c":"NETWORK",  "id":22944,   "ctx":"conn3","msg":"Connection ended","attr":{"remote":"127.0.0.1:58340","uuid":"2770defc-9242-4bad-89bd-5eb589b7d3f2","connectionId":3,"connectionCount":2}}
2024-08-07T16:08:56.265+02:00  INFO 20518 --- [      Thread-20] d.f.e.m.s.autoconfigure.EmbeddedMongo    : {"t":{"$date":"2024-08-07T16:08:56.264+02:00"},"s":"I",  "c":"-",        "id":20883,   "ctx":"conn1","msg":"Interrupted operation as its client disconnected","attr":{"opId":14}}
2024-08-07T16:08:56.265+02:00  INFO 20518 --- [      Thread-20] d.f.e.m.s.autoconfigure.EmbeddedMongo    : {"t":{"$date":"2024-08-07T16:08:56.265+02:00"},"s":"I",  "c":"NETWORK",  "id":22944,   "ctx":"conn2","msg":"Connection ended","attr":{"remote":"127.0.0.1:58332","uuid":"d46fca30-37f0-44f6-9405-872042a7c0c1","connectionId":2,"connectionCount":1}}
2024-08-07T16:08:56.265+02:00  INFO 20518 --- [      Thread-20] d.f.e.m.s.autoconfigure.EmbeddedMongo    : {"t":{"$date":"2024-08-07T16:08:56.265+02:00"},"s":"I",  "c":"NETWORK",  "id":22944,   "ctx":"conn1","msg":"Connection ended","attr":{"remote":"127.0.0.1:58330","uuid":"972e2c5f-9248-465c-b4c0-f6d1c43a1133","connectionId":1,"connectionCount":0}}
2024-08-07T16:08:56.265+02:00  INFO 20518 --- [      Thread-20] d.f.e.m.s.autoconfigure.EmbeddedMongo    : {"t":{"$date":"2024-08-07T16:08:56.265+02:00"},"s":"I",  "c":"NETWORK",  "id":22943,   "ctx":"listener","msg":"Connection accepted","attr":{"remote":"127.0.0.1:58360","uuid":"959c2f62-e81b-4b26-94ec-339f6b10573d","connectionId":5,"connectionCount":1}}
2024-08-07T16:08:56.265+02:00  INFO 20518 --- [      Thread-20] d.f.e.m.s.autoconfigure.EmbeddedMongo    : {"t":{"$date":"2024-08-07T16:08:56.265+02:00"},"s":"W",  "c":"COMMAND",  "id":5578800, "ctx":"conn5","msg":"Received wire protocol op code or command that is no longer supported. The client driver may require an upgrade. For more details see https://dochub.mongodb.org/core/legacy-opcode-removal","attr":{"op":"query","clientInfo":{"address":"127.0.0.1:58360"}}}
2024-08-07T16:08:56.265+02:00 ERROR 20518 --- [           main] d.flapdoodle.embed.mongo.runtime.Mongod  : Got some response, should be an error message
2024-08-07T16:08:56.266+02:00  INFO 20518 --- [      Thread-20] d.f.e.m.s.autoconfigure.EmbeddedMongo    : {"t":{"$date":"2024-08-07T16:08:56.265+02:00"},"s":"I",  "c":"NETWORK",  "id":22944,   "ctx":"conn5","msg":"Connection ended","attr":{"remote":"127.0.0.1:58360","uuid":"959c2f62-e81b-4b26-94ec-339f6b10573d","connectionId":5,"connectionCount":0}}
2024-08-07T16:08:56.366+02:00  INFO 20518 --- [      Thread-20] d.f.e.m.s.autoconfigure.EmbeddedMongo    : {"t":{"$date":"2024-08-07T16:08:56.366+02:00"},"s":"I",  "c":"NETWORK",  "id":22943,   "ctx":"listener","msg":"Connection accepted","attr":{"remote":"127.0.0.1:58372","uuid":"59f4da12-5066-4b41-bcfa-6dbf80311115","connectionId":6,"connectionCount":1}}
2024-08-07T16:08:56.366+02:00  INFO 20518 --- [      Thread-20] d.f.e.m.s.autoconfigure.EmbeddedMongo    : {"t":{"$date":"2024-08-07T16:08:56.366+02:00"},"s":"I",  "c":"COMMAND",  "id":4695400, "ctx":"conn6","msg":"Terminating via shutdown command","attr":{"force":false,"timeoutMillis":15000}}
2024-08-07T16:08:56.366+02:00  INFO 20518 --- [      Thread-20] d.f.e.m.s.autoconfigure.EmbeddedMongo    : {"t":{"$date":"2024-08-07T16:08:56.366+02:00"},"s":"I",  "c":"REPL",     "id":4794602, "ctx":"thread32","msg":"Attempting to enter quiesce mode"}
2024-08-07T16:08:56.366+02:00  INFO 20518 --- [      Thread-20] d.f.e.m.s.autoconfigure.EmbeddedMongo    : {"t":{"$date":"2024-08-07T16:08:56.366+02:00"},"s":"I",  "c":"-",        "id":6371601, "ctx":"thread32","msg":"Shutting down the FLE Crud thread pool"}
2024-08-07T16:08:56.366+02:00  INFO 20518 --- [      Thread-20] d.f.e.m.s.autoconfigure.EmbeddedMongo    : {"t":{"$date":"2024-08-07T16:08:56.366+02:00"},"s":"I",  "c":"COMMAND",  "id":4784901, "ctx":"thread32","msg":"Shutting down the MirrorMaestro"}
2024-08-07T16:08:56.367+02:00  INFO 20518 --- [      Thread-20] d.f.e.m.s.autoconfigure.EmbeddedMongo    : {"t":{"$date":"2024-08-07T16:08:56.366+02:00"},"s":"I",  "c":"SHARDING", "id":4784902, "ctx":"thread32","msg":"Shutting down the WaitForMajorityService"}
2024-08-07T16:08:56.367+02:00  INFO 20518 --- [      Thread-20] d.f.e.m.s.autoconfigure.EmbeddedMongo    : {"t":{"$date":"2024-08-07T16:08:56.367+02:00"},"s":"I",  "c":"CONTROL",  "id":4784903, "ctx":"thread32","msg":"Shutting down the LogicalSessionCache"}
2024-08-07T16:08:56.367+02:00  INFO 20518 --- [      Thread-20] d.f.e.m.s.autoconfigure.EmbeddedMongo    : {"t":{"$date":"2024-08-07T16:08:56.367+02:00"},"s":"I",  "c":"NETWORK",  "id":20562,   "ctx":"thread32","msg":"Shutdown: going to close listening sockets"}
2024-08-07T16:08:56.367+02:00  INFO 20518 --- [      Thread-20] d.f.e.m.s.autoconfigure.EmbeddedMongo    : {"t":{"$date":"2024-08-07T16:08:56.367+02:00"},"s":"I",  "c":"NETWORK",  "id":23017,   "ctx":"listener","msg":"removing socket file","attr":{"path":"/tmp/mongodb-39027.sock"}}
2024-08-07T16:08:56.367+02:00  INFO 20518 --- [      Thread-20] d.f.e.m.s.autoconfigure.EmbeddedMongo    : {"t":{"$date":"2024-08-07T16:08:56.367+02:00"},"s":"I",  "c":"NETWORK",  "id":4784905, "ctx":"thread32","msg":"Shutting down the global connection pool"}
2024-08-07T16:08:56.367+02:00  INFO 20518 --- [      Thread-20] d.f.e.m.s.autoconfigure.EmbeddedMongo    : {"t":{"$date":"2024-08-07T16:08:56.367+02:00"},"s":"I",  "c":"CONTROL",  "id":4784906, "ctx":"thread32","msg":"Shutting down the FlowControlTicketholder"}
2024-08-07T16:08:56.367+02:00  INFO 20518 --- [      Thread-20] d.f.e.m.s.autoconfigure.EmbeddedMongo    : {"t":{"$date":"2024-08-07T16:08:56.367+02:00"},"s":"I",  "c":"-",        "id":20520,   "ctx":"thread32","msg":"Stopping further Flow Control ticket acquisitions."}
[...]
2024-08-07T16:09:09.074+02:00  INFO 20518 --- [      Thread-84] d.f.e.m.s.autoconfigure.EmbeddedMongo    : {"t":{"$date":"2024-08-07T16:09:09.074+02:00"},"s":"I",  "c":"STORAGE",  "id":22297,   "ctx":"initandlisten","msg":"Using the XFS filesystem is strongly recommended with the WiredTiger storage engine. See http://dochub.mongodb.org/core/prodnotes-filesystem","tags":["startupWarnings"]}
2024-08-07T16:09:09.074+02:00  INFO 20518 --- [      Thread-84] d.f.e.m.s.autoconfigure.EmbeddedMongo    : {"t":{"$date":"2024-08-07T16:09:09.074+02:00"},"s":"I",  "c":"STORAGE",  "id":22315,   "ctx":"initandlisten","msg":"Opening WiredTiger","attr":{"config":"create,cache_size=3427M,session_max=33000,eviction=(threads_min=4,threads_max=4),config_base=false,statistics=(fast),log=(enabled=true,remove=true,path=journal,compressor=snappy),builtin_extension_config=(zstd=(compression_level=6)),file_manager=(close_idle_time=600,close_scan_interval=10,close_handle_minimum=2000),statistics_log=(wait=0),json_output=(error,message),verbose=[recovery_progress:1,checkpoint_progress:1,compact_progress:1,backup:0,checkpoint:0,compact:0,evict:0,history_store:0,recovery:0,rts:0,salvage:0,tiered:0,timestamp:0,transaction:0,verify:0,log:0],,log=(enabled=false),"}}
2024-08-07T16:09:09.231+02:00  INFO 20518 --- [      Thread-84] d.f.e.m.s.autoconfigure.EmbeddedMongo    : {"t":{"$date":"2024-08-07T16:09:09.231+02:00"},"s":"I",  "c":"STORAGE",  "id":4795906, "ctx":"initandlisten","msg":"WiredTiger opened","attr":{"durationMillis":157}}
2024-08-07T16:09:09.231+02:00  INFO 20518 --- [      Thread-84] d.f.e.m.s.autoconfigure.EmbeddedMongo    : {"t":{"$date":"2024-08-07T16:09:09.231+02:00"},"s":"I",  "c":"RECOVERY", "id":23987,   "ctx":"initandlisten","msg":"WiredTiger recoveryTimestamp","attr":{"recoveryTimestamp":{"$timestamp":{"t":0,"i":0}}}}
2024-08-07T16:09:09.261+02:00  INFO 20518 --- [      Thread-84] d.f.e.m.s.autoconfigure.EmbeddedMongo    : {"t":{"$date":"2024-08-07T16:09:09.261+02:00"},"s":"I",  "c":"WT",       "id":4366408, "ctx":"initandlisten","msg":"No table logging settings modifications are required for existing WiredTiger tables","attr":{"loggingEnabled":true}}
2024-08-07T16:09:09.270+02:00  INFO 20518 --- [      Thread-84] d.f.e.m.s.autoconfigure.EmbeddedMongo    : {"t":{"$date":"2024-08-07T16:09:09.270+02:00"},"s":"W",  "c":"CONTROL",  "id":22178,   "ctx":"initandlisten","msg":"/sys/kernel/mm/transparent_hugepage/enabled is 'always'. We suggest setting it to 'never'","tags":["startupWarnings"]}
2024-08-07T16:09:09.270+02:00  INFO 20518 --- [      Thread-84] d.f.e.m.s.autoconfigure.EmbeddedMongo    : {"t":{"$date":"2024-08-07T16:09:09.270+02:00"},"s":"W",  "c":"CONTROL",  "id":5123300, "ctx":"initandlisten","msg":"vm.max_map_count is too low","attr":{"currentValue":262144,"recommendedMinimum":1677720,"maxConns":838860},"tags":["startupWarnings"]}
2024-08-07T16:09:09.270+02:00  INFO 20518 --- [      Thread-84] d.f.e.m.s.autoconfigure.EmbeddedMongo    : {"t":{"$date":"2024-08-07T16:09:09.270+02:00"},"s":"I",  "c":"STORAGE",  "id":20320,   "ctx":"initandlisten","msg":"createCollection","attr":{"namespace":"admin.system.version","uuidDisposition":"provided","uuid":{"uuid":{"$uuid":"88cde263-78ed-4881-a3b6-cb6345fd93e3"}},"options":{"uuid":{"$uuid":"88cde263-78ed-4881-a3b6-cb6345fd93e3"}}}}
2024-08-07T16:09:09.299+02:00  INFO 20518 --- [      Thread-84] d.f.e.m.s.autoconfigure.EmbeddedMongo    : {"t":{"$date":"2024-08-07T16:09:09.299+02:00"},"s":"I",  "c":"INDEX",    "id":20345,   "ctx":"initandlisten","msg":"Index build: done building","attr":{"buildUUID":null,"collectionUUID":{"uuid":{"$uuid":"88cde263-78ed-4881-a3b6-cb6345fd93e3"}},"namespace":"admin.system.version","index":"_id_","ident":"index-1-1141476551045753402","collectionIdent":"collection-0-1141476551045753402","commitTimestamp":null}}
2024-08-07T16:09:09.299+02:00  INFO 20518 --- [      Thread-84] d.f.e.m.s.autoconfigure.EmbeddedMongo    : {"t":{"$date":"2024-08-07T16:09:09.299+02:00"},"s":"I",  "c":"REPL",     "id":20459,   "ctx":"initandlisten","msg":"Setting featureCompatibilityVersion","attr":{"newVersion":"6.0"}}
2024-08-07T16:09:09.299+02:00  INFO 20518 --- [      Thread-84] d.f.e.m.s.autoconfigure.EmbeddedMongo    : {"t":{"$date":"2024-08-07T16:09:09.299+02:00"},"s":"I",  "c":"REPL",     "id":5853300, "ctx":"initandlisten","msg":"current featureCompatibilityVersion value","attr":{"featureCompatibilityVersion":"6.0","context":"setFCV"}}
2024-08-07T16:09:09.299+02:00  INFO 20518 --- [      Thread-84] d.f.e.m.s.autoconfigure.EmbeddedMongo    : {"t":{"$date":"2024-08-07T16:09:09.299+02:00"},"s":"I",  "c":"NETWORK",  "id":4915702, "ctx":"initandlisten","msg":"Updated wire specification","attr":{"oldSpec":{"incomingExternalClient":{"minWireVersion":0,"maxWireVersion":17},"incomingInternalClient":{"minWireVersion":0,"maxWireVersion":17},"outgoing":{"minWireVersion":6,"maxWireVersion":17},"isInternalClient":true},"newSpec":{"incomingExternalClient":{"minWireVersion":0,"maxWireVersion":17},"incomingInternalClient":{"minWireVersion":17,"maxWireVersion":17},"outgoing":{"minWireVersion":17,"maxWireVersion":17},"isInternalClient":true}}}
2024-08-07T16:09:09.299+02:00  INFO 20518 --- [      Thread-84] d.f.e.m.s.autoconfigure.EmbeddedMongo    : {"t":{"$date":"2024-08-07T16:09:09.299+02:00"},"s":"I",  "c":"NETWORK",  "id":4915702, "ctx":"initandlisten","msg":"Updated wire specification","attr":{"oldSpec":{"incomingExternalClient":{"minWireVersion":0,"maxWireVersion":17},"incomingInternalClient":{"minWireVersion":17,"maxWireVersion":17},"outgoing":{"minWireVersion":17,"maxWireVersion":17},"isInternalClient":true},"newSpec":{"incomingExternalClient":{"minWireVersion":0,"maxWireVersion":17},"incomingInternalClient":{"minWireVersion":17,"maxWireVersion":17},"outgoing":{"minWireVersion":17,"maxWireVersion":17},"isInternalClient":true}}}
2024-08-07T16:09:09.299+02:00  INFO 20518 --- [      Thread-84] d.f.e.m.s.autoconfigure.EmbeddedMongo    : {"t":{"$date":"2024-08-07T16:09:09.299+02:00"},"s":"I",  "c":"REPL",     "id":5853300, "ctx":"initandlisten","msg":"current featureCompatibilityVersion value","attr":{"featureCompatibilityVersion":"6.0","context":"startup"}}
2024-08-07T16:09:09.299+02:00  INFO 20518 --- [      Thread-84] d.f.e.m.s.autoconfigure.EmbeddedMongo    : {"t":{"$date":"2024-08-07T16:09:09.299+02:00"},"s":"I",  "c":"STORAGE",  "id":5071100, "ctx":"initandlisten","msg":"Clearing temp directory"}
2024-08-07T16:09:09.299+02:00  INFO 20518 --- [      Thread-84] d.f.e.m.s.autoconfigure.EmbeddedMongo    : {"t":{"$date":"2024-08-07T16:09:09.299+02:00"},"s":"I",  "c":"CONTROL",  "id":20536,   "ctx":"initandlisten","msg":"Flow Control is enabled on this deployment"}
2024-08-07T16:09:09.299+02:00  INFO 20518 --- [      Thread-84] d.f.e.m.s.autoconfigure.EmbeddedMongo    : {"t":{"$date":"2024-08-07T16:09:09.299+02:00"},"s":"I",  "c":"FTDC",     "id":20625,   "ctx":"initandlisten","msg":"Initializing full-time diagnostic data capture","attr":{"dataDirectory":"/tmp/temp--7be6cfa6-1311-4689-a911-57cfd7fb5eb1/mongod-database6464473559373955744/diagnostic.data"}}
2024-08-07T16:09:09.300+02:00  INFO 20518 --- [      Thread-84] d.f.e.m.s.autoconfigure.EmbeddedMongo    : {"t":{"$date":"2024-08-07T16:09:09.300+02:00"},"s":"I",  "c":"STORAGE",  "id":20320,   "ctx":"initandlisten","msg":"createCollection","attr":{"namespace":"local.startup_log","uuidDisposition":"generated","uuid":{"uuid":{"$uuid":"a8391d6e-0175-40e0-908c-0452352e295c"}},"options":{"capped":true,"size":10485760}}}
2024-08-07T16:09:09.332+02:00  INFO 20518 --- [      Thread-84] d.f.e.m.s.autoconfigure.EmbeddedMongo    : {"t":{"$date":"2024-08-07T16:09:09.332+02:00"},"s":"I",  "c":"INDEX",    "id":20345,   "ctx":"initandlisten","msg":"Index build: done building","attr":{"buildUUID":null,"collectionUUID":{"uuid":{"$uuid":"a8391d6e-0175-40e0-908c-0452352e295c"}},"namespace":"local.startup_log","index":"_id_","ident":"index-3-1141476551045753402","collectionIdent":"collection-2-1141476551045753402","commitTimestamp":null}}
2024-08-07T16:09:09.333+02:00  INFO 20518 --- [      Thread-84] d.f.e.m.s.autoconfigure.EmbeddedMongo    : {"t":{"$date":"2024-08-07T16:09:09.332+02:00"},"s":"I",  "c":"REPL",     "id":6015317, "ctx":"initandlisten","msg":"Setting new configuration state","attr":{"newState":"ConfigReplicationDisabled","oldState":"ConfigPreStart"}}
2024-08-07T16:09:09.333+02:00  INFO 20518 --- [      Thread-84] d.f.e.m.s.autoconfigure.EmbeddedMongo    : {"t":{"$date":"2024-08-07T16:09:09.333+02:00"},"s":"I",  "c":"STORAGE",  "id":22262,   "ctx":"initandlisten","msg":"Timestamp monitor starting"}
2024-08-07T16:09:09.333+02:00  INFO 20518 --- [      Thread-84] d.f.e.m.s.autoconfigure.EmbeddedMongo    : {"t":{"$date":"2024-08-07T16:09:09.333+02:00"},"s":"I",  "c":"CONTROL",  "id":20712,   "ctx":"LogicalSessionCacheReap","msg":"Sessions collection is not set up; waiting until next sessions reap interval","attr":{"error":"NamespaceNotFound: config.system.sessions does not exist"}}
2024-08-07T16:09:09.334+02:00  INFO 20518 --- [      Thread-84] d.f.e.m.s.autoconfigure.EmbeddedMongo    : {"t":{"$date":"2024-08-07T16:09:09.333+02:00"},"s":"I",  "c":"STORAGE",  "id":20320,   "ctx":"LogicalSessionCacheRefresh","msg":"createCollection","attr":{"namespace":"config.system.sessions","uuidDisposition":"generated","uuid":{"uuid":{"$uuid":"f781579b-b75c-44e7-a7b2-2608ef6c7d2a"}},"options":{}}}
2024-08-07T16:09:09.334+02:00  INFO 20518 --- [      Thread-84] d.f.e.m.s.autoconfigure.EmbeddedMongo    : {"t":{"$date":"2024-08-07T16:09:09.334+02:00"},"s":"I",  "c":"NETWORK",  "id":23015,   "ctx":"listener","msg":"Listening on","attr":{"address":"/tmp/mongodb-33951.sock"}}
2024-08-07T16:09:09.334+02:00  INFO 20518 --- [      Thread-84] d.f.e.m.s.autoconfigure.EmbeddedMongo    : {"t":{"$date":"2024-08-07T16:09:09.334+02:00"},"s":"I",  "c":"NETWORK",  "id":23015,   "ctx":"listener","msg":"Listening on","attr":{"address":"127.0.0.1"}}
2024-08-07T16:09:09.334+02:00  INFO 20518 --- [      Thread-84] d.f.e.m.s.autoconfigure.EmbeddedMongo    : {"t":{"$date":"2024-08-07T16:09:09.334+02:00"},"s":"I",  "c":"NETWORK",  "id":23016,   "ctx":"listener","msg":"Waiting for connections","attr":{"port":33951,"ssl":"off"}}
2024-08-07T16:09:09.338+02:00  INFO 20518 --- [           main] org.mongodb.driver.client                : MongoClient with metadata {"driver": {"name": "mongo-java-driver|sync|spring-boot", "version": "4.9.1"}, "os": {"type": "Linux", "name": "Linux", "architecture": "amd64", "version": "5.15.153.1-microsoft-standard-WSL2"}, "platform": "Java/Ubuntu/21.0.4+7-Ubuntu-1ubuntu222.04"} created with settings MongoClientSettings{readPreference=primary, writeConcern=WriteConcern{w=null, wTimeout=null ms, journal=null}, retryWrites=true, retryReads=true, readConcern=ReadConcern{level=null}, credential=null, streamFactoryFactory=null, commandListeners=[], codecRegistry=ProvidersCodecRegistry{codecProviders=[ValueCodecProvider{}, BsonValueCodecProvider{}, DBRefCodecProvider{}, DBObjectCodecProvider{}, DocumentCodecProvider{}, CollectionCodecProvider{}, IterableCodecProvider{}, MapCodecProvider{}, GeoJsonCodecProvider{}, GridFSFileCodecProvider{}, Jsr310CodecProvider{}, JsonObjectCodecProvider{}, BsonCodecProvider{}, EnumCodecProvider{}, com.mongodb.client.model.mql.ExpressionCodecProvider@4cf1ba4e, com.mongodb.Jep395RecordCodecProvider@23368646]}, loggerSettings=LoggerSettings{maxDocumentLength=1000}, clusterSettings={hosts=[localhost:33951], srvServiceName=mongodb, mode=SINGLE, requiredClusterType=UNKNOWN, requiredReplicaSetName='null', serverSelector='null', clusterListeners='[]', serverSelectionTimeout='30000 ms', localThreshold='30000 ms'}, socketSettings=SocketSettings{connectTimeoutMS=10000, readTimeoutMS=0, receiveBufferSize=0, sendBufferSize=0}, heartbeatSocketSettings=SocketSettings{connectTimeoutMS=10000, readTimeoutMS=10000, receiveBufferSize=0, sendBufferSize=0}, connectionPoolSettings=ConnectionPoolSettings{maxSize=100, minSize=0, maxWaitTimeMS=120000, maxConnectionLifeTimeMS=0, maxConnectionIdleTimeMS=0, maintenanceInitialDelayMS=0, maintenanceFrequencyMS=60000, connectionPoolListeners=[], maxConnecting=2}, serverSettings=ServerSettings{heartbeatFrequencyMS=10000, minHeartbeatFrequencyMS=500, serverListeners='[]', serverMonitorListeners='[]'}, sslSettings=SslSettings{enabled=false, invalidHostNameAllowed=false, context=null}, applicationName='null', compressorList=[], uuidRepresentation=JAVA_LEGACY, serverApi=null, autoEncryptionSettings=null, contextProvider=null}
2024-08-07T16:09:09.338+02:00  INFO 20518 --- [      Thread-84] d.f.e.m.s.autoconfigure.EmbeddedMongo    : {"t":{"$date":"2024-08-07T16:09:09.338+02:00"},"s":"I",  "c":"NETWORK",  "id":22943,   "ctx":"listener","msg":"Connection accepted","attr":{"remote":"127.0.0.1:39918","uuid":"e5f160fa-bbae-4f27-a1bd-273b5c708227","connectionId":1,"connectionCount":1}}
2024-08-07T16:09:09.338+02:00  INFO 20518 --- [      Thread-84] d.f.e.m.s.autoconfigure.EmbeddedMongo    : {"t":{"$date":"2024-08-07T16:09:09.338+02:00"},"s":"I",  "c":"NETWORK",  "id":22943,   "ctx":"listener","msg":"Connection accepted","attr":{"remote":"127.0.0.1:39926","uuid":"edbb6b4e-9e9f-4d23-ae06-64779d4daa76","connectionId":2,"connectionCount":2}}
2024-08-07T16:09:09.338+02:00  INFO 20518 --- [      Thread-84] d.f.e.m.s.autoconfigure.EmbeddedMongo    : {"t":{"$date":"2024-08-07T16:09:09.338+02:00"},"s":"I",  "c":"NETWORK",  "id":51800,   "ctx":"conn1","msg":"client metadata","attr":{"remote":"127.0.0.1:39918","client":"conn1","doc":{"driver":{"name":"mongo-java-driver|sync|spring-boot","version":"4.9.1"},"os":{"type":"Linux","name":"Linux","architecture":"amd64","version":"5.15.153.1-microsoft-standard-WSL2"},"platform":"Java/Ubuntu/21.0.4+7-Ubuntu-1ubuntu222.04"}}}
2024-08-07T16:09:09.338+02:00  INFO 20518 --- [      Thread-84] d.f.e.m.s.autoconfigure.EmbeddedMongo    : {"t":{"$date":"2024-08-07T16:09:09.338+02:00"},"s":"I",  "c":"NETWORK",  "id":51800,   "ctx":"conn2","msg":"client metadata","attr":{"remote":"127.0.0.1:39926","client":"conn2","doc":{"driver":{"name":"mongo-java-driver|sync|spring-boot","version":"4.9.1"},"os":{"type":"Linux","name":"Linux","architecture":"amd64","version":"5.15.153.1-microsoft-standard-WSL2"},"platform":"Java/Ubuntu/21.0.4+7-Ubuntu-1ubuntu222.04"}}}
2024-08-07T16:09:09.339+02:00  INFO 20518 --- [localhost:33951] org.mongodb.driver.cluster               : Monitor thread successfully connected to server with description ServerDescription{address=localhost:33951, type=STANDALONE, state=CONNECTED, ok=true, minWireVersion=0, maxWireVersion=17, maxDocumentSize=16777216, logicalSessionTimeoutMinutes=30, roundTripTimeNanos=976215}
2024-08-07T16:09:09.386+02:00  INFO 20518 --- [      Thread-84] d.f.e.m.s.autoconfigure.EmbeddedMongo    : {"t":{"$date":"2024-08-07T16:09:09.386+02:00"},"s":"I",  "c":"INDEX",    "id":20345,   "ctx":"LogicalSessionCacheRefresh","msg":"Index build: done building","attr":{"buildUUID":null,"collectionUUID":{"uuid":{"$uuid":"f781579b-b75c-44e7-a7b2-2608ef6c7d2a"}},"namespace":"config.system.sessions","index":"_id_","ident":"index-5-1141476551045753402","collectionIdent":"collection-4-1141476551045753402","commitTimestamp":null}}
2024-08-07T16:09:09.387+02:00  INFO 20518 --- [      Thread-84] d.f.e.m.s.autoconfigure.EmbeddedMongo    : {"t":{"$date":"2024-08-07T16:09:09.386+02:00"},"s":"I",  "c":"INDEX",    "id":20345,   "ctx":"LogicalSessionCacheRefresh","msg":"Index build: done building","attr":{"buildUUID":null,"collectionUUID":{"uuid":{"$uuid":"f781579b-b75c-44e7-a7b2-2608ef6c7d2a"}},"namespace":"config.system.sessions","index":"lsidTTLIndex","ident":"index-6-1141476551045753402","collectionIdent":"collection-4-1141476551045753402","commitTimestamp":null}}
2024-08-07T16:09:09.533+02:00  INFO 20518 --- [      Thread-84] d.f.e.m.s.autoconfigure.EmbeddedMongo    : {"t":{"$date":"2024-08-07T16:09:09.533+02:00"},"s":"I",  "c":"NETWORK",  "id":22943,   "ctx":"listener","msg":"Connection accepted","attr":{"remote":"127.0.0.1:39928","uuid":"4cffda15-b2d3-4cf6-8ee5-782286c76b43","connectionId":3,"connectionCount":3}}
2024-08-07T16:09:09.533+02:00  INFO 20518 --- [      Thread-84] d.f.e.m.s.autoconfigure.EmbeddedMongo    : {"t":{"$date":"2024-08-07T16:09:09.533+02:00"},"s":"I",  "c":"NETWORK",  "id":51800,   "ctx":"conn3","msg":"client metadata","attr":{"remote":"127.0.0.1:39928","client":"conn3","doc":{"driver":{"name":"mongo-java-driver|sync|spring-boot","version":"4.9.1"},"os":{"type":"Linux","name":"Linux","architecture":"amd64","version":"5.15.153.1-microsoft-standard-WSL2"},"platform":"Java/Ubuntu/21.0.4+7-Ubuntu-1ubuntu222.04"}}}
2024-08-07T16:09:09.771+02:00  INFO 20518 --- [      Thread-84] d.f.e.m.s.autoconfigure.EmbeddedMongo    : {"t":{"$date":"2024-08-07T16:09:09.771+02:00"},"s":"I",  "c":"STORAGE",  "id":20320,   "ctx":"conn3","msg":"createCollection","attr":{"namespace":"test.card","uuidDisposition":"generated","uuid":{"uuid":{"$uuid":"10860b8c-9952-441b-bc37-58526ff8a8d2"}},"options":{}}}
2024-08-07T16:09:09.801+02:00  INFO 20518 --- [      Thread-84] d.f.e.m.s.autoconfigure.EmbeddedMongo    : {"t":{"$date":"2024-08-07T16:09:09.801+02:00"},"s":"I",  "c":"INDEX",    "id":20345,   "ctx":"conn3","msg":"Index build: done building","attr":{"buildUUID":null,"collectionUUID":{"uuid":{"$uuid":"10860b8c-9952-441b-bc37-58526ff8a8d2"}},"namespace":"test.card","index":"_id_","ident":"index-8-1141476551045753402","collectionIdent":"collection-7-1141476551045753402","commitTimestamp":null}}
2024-08-07T16:09:09.831+02:00  INFO 20518 --- [           main] o.s.s.web.DefaultSecurityFilterChain     : Will secure any request with [org.springframework.security.web.session.DisableEncodeUrlFilter@144a7a7a, org.springframework.security.web.session.ForceEagerSessionCreationFilter@1d38b461, org.springframework.security.web.context.request.async.WebAsyncManagerIntegrationFilter@744503bf, org.springframework.security.web.context.SecurityContextHolderFilter@1bc89e23, org.springframework.security.web.header.HeaderWriterFilter@7d995a3f, org.springframework.security.web.csrf.CsrfFilter@178adcf4, org.springframework.security.web.authentication.logout.LogoutFilter@36915416, org.springframework.security.web.authentication.www.BasicAuthenticationFilter@39061fa5, org.springframework.security.web.savedrequest.RequestCacheAwareFilter@20b5e5a4, org.springframework.security.web.servletapi.SecurityContextHolderAwareRequestFilter@174a1b2f, org.springframework.security.web.authentication.AnonymousAuthenticationFilter@6143a41d, org.springframework.security.web.session.SessionManagementFilter@5a6484e7, org.springframework.security.web.access.ExceptionTranslationFilter@3e30aed0, org.springframework.security.web.access.intercept.AuthorizationFilter@2847aa80]
2024-08-07T16:09:09.878+02:00  INFO 20518 --- [           main] o.s.b.t.m.w.SpringBootMockServletContext : Initializing Spring TestDispatcherServlet ''
2024-08-07T16:09:09.878+02:00  INFO 20518 --- [           main] o.s.t.web.servlet.TestDispatcherServlet  : Initializing Servlet ''
2024-08-07T16:09:09.878+02:00  INFO 20518 --- [           main] o.s.t.web.servlet.TestDispatcherServlet  : Completed initialization in 0 ms
2024-08-07T16:09:09.882+02:00  INFO 20518 --- [           main] c.g.w.b.s.MongoUserControllerTest        : Started MongoUserControllerTest in 0.984 seconds (process running for 29.872)
]]></system-out>
  </testcase>
  <testcase name="getUsername_whenLoggedInGetUserName" classname="com.github.wekaito.backend.security.MongoUserControllerTest" time="0.004"/>
</testsuite>