<?xml version="1.0" encoding="UTF-8"?>
<testsuite xmlns:xsi="http://www.w3.org/2001/XMLSchema-instance" xsi:noNamespaceSchemaLocation="https://maven.apache.org/surefire/maven-surefire-plugin/xsd/surefire-test-report-3.0.xsd" version="3.0" name="com.github.wekaito.backend.DeckWithoutIdTest" time="0.017" tests="7" errors="0" skipped="0" failures="0">
  <properties>
[...]
</properties>
  <testcase name="testHashCode(DeckWithoutId, DeckWithoutId, boolean)[1]" classname="com.github.wekaito.backend.DeckWithoutIdTest" time="0.001"/>
  <testcase name="testHashCode(DeckWithoutId, DeckWithoutId, boolean)[2]" classname="com.github.wekaito.backend.DeckWithoutIdTest" time="0"/>
  <testcase name="testHashCode(DeckWithoutId, DeckWithoutId, boolean)[3]" classname="com.github.wekaito.backend.DeckWithoutIdTest" time="0"/>
  <testcase name="testEquals(DeckWithoutId, DeckWithoutId, boolean)[1]" classname="com.github.wekaito.backend.DeckWithoutIdTest" time="0.001"/>
  <testcase name="testEquals(DeckWithoutId, DeckWithoutId, boolean)[2]" classname="com.github.wekaito.backend.DeckWithoutIdTest" time="0"/>
  <testcase name="testEquals(DeckWithoutId, DeckWithoutId, boolean)[3]" classname="com.github.wekaito.backend.DeckWithoutIdTest" time="0"/>
  <testcase name="testEquals(DeckWithoutId, DeckWithoutId, boolean)[4]" classname="com.github.wekaito.backend.DeckWithoutIdTest" time="0.001"/>
</testsuite>